This file contains any messages produced by compilers while
running configure, to aid debugging if configure makes a mistake.

It was created by libxdio configure 0.3.2, which was
generated by GNU Autoconf 2.63.  Invocation command line was

  $ ./configure 

## --------- ##
## Platform. ##
## --------- ##

hostname = astro18
uname -m = x86_64
uname -r = 2.6.38-gentoo-r6
uname -s = Linux
uname -v = #4 SMP Thu Mar 20 16:01:15 EDT 2014

/usr/bin/uname -p = Intel(R) Pentium(R) D CPU 3.40GHz
/bin/uname -X     = unknown

/bin/arch              = unknown
/usr/bin/arch -k       = unknown
/usr/convex/getsysinfo = unknown
/usr/bin/hostinfo      = unknown
/bin/machine           = unknown
/usr/bin/oslevel       = unknown
/bin/universe          = unknown

PATH: /usr/local/bin
PATH: /usr/bin
PATH: /bin
PATH: /opt/bin
PATH: /usr/x86_64-pc-linux-gnu/gcc-bin/4.7.3
PATH: /home/xedaq/bin


## ----------- ##
## Core tests. ##
## ----------- ##

configure:2066: checking for a BSD-compatible install
configure:2134: result: /usr/bin/install -c
configure:2145: checking whether build environment is sane
configure:2188: result: yes
configure:2213: checking for a thread-safe mkdir -p
configure:2252: result: /bin/mkdir -p
configure:2265: checking for gawk
configure:2281: found /usr/bin/gawk
configure:2292: result: gawk
configure:2303: checking whether make sets $(MAKE)
configure:2325: result: yes
configure:2559: checking for gcc
configure:2575: found /usr/bin/gcc
configure:2586: result: gcc
configure:2818: checking for C compiler version
configure:2826: gcc --version >&5
gcc (Gentoo 4.7.3-r1 p1.3, pie-0.5.5) 4.7.3
Copyright (C) 2012 Free Software Foundation, Inc.
This is free software; see the source for copying conditions.  There is NO
warranty; not even for MERCHANTABILITY or FITNESS FOR A PARTICULAR PURPOSE.

configure:2830: $? = 0
configure:2837: gcc -v >&5
Using built-in specs.
COLLECT_GCC=/usr/x86_64-pc-linux-gnu/gcc-bin/4.7.3/gcc
COLLECT_LTO_WRAPPER=/usr/libexec/gcc/x86_64-pc-linux-gnu/4.7.3/lto-wrapper
Target: x86_64-pc-linux-gnu
Configured with: /var/tmp/portage/sys-devel/gcc-4.7.3-r1/work/gcc-4.7.3/configure --prefix=/usr --bindir=/usr/x86_64-pc-linux-gnu/gcc-bin/4.7.3 --includedir=/usr/lib/gcc/x86_64-pc-linux-gnu/4.7.3/include --datadir=/usr/share/gcc-data/x86_64-pc-linux-gnu/4.7.3 --mandir=/usr/share/gcc-data/x86_64-pc-linux-gnu/4.7.3/man --infodir=/usr/share/gcc-data/x86_64-pc-linux-gnu/4.7.3/info --with-gxx-include-dir=/usr/lib/gcc/x86_64-pc-linux-gnu/4.7.3/include/g++-v4 --host=x86_64-pc-linux-gnu --build=x86_64-pc-linux-gnu --disable-altivec --disable-fixed-point --without-cloog --without-ppl --disable-lto --enable-nls --without-included-gettext --with-system-zlib --enable-obsolete --disable-werror --enable-secureplt --enable-multilib --with-multilib-list=m32,m64 --enable-libmudflap --disable-libssp --enable-libgomp --with-python-dir=/share/gcc-data/x86_64-pc-linux-gnu/4.7.3/python --enable-checking=release --disable-libgcj --enable-libstdcxx-time --enable-languages=c,c++,fortran --enable-shared --enable-threads=posix --enable-__cxa_atexit --enable-clocale=gnu --enable-targets=all --with-bugurl=http://bugs.gentoo.org/ --with-pkgversion='Gentoo 4.7.3-r1 p1.3, pie-0.5.5'
Thread model: posix
gcc version 4.7.3 (Gentoo 4.7.3-r1 p1.3, pie-0.5.5) 
configure:2841: $? = 0
configure:2848: gcc -V >&5
gcc: error: unrecognized command line option '-V'
gcc: fatal error: no input files
compilation terminated.
configure:2852: $? = 1
configure:2875: checking for C compiler default output file name
configure:2897: gcc    conftest.c  >&5
configure:2901: $? = 0
configure:2939: result: a.out
configure:2958: checking whether the C compiler works
configure:2968: ./a.out
configure:2972: $? = 0
configure:2991: result: yes
configure:2998: checking whether we are cross compiling
configure:3000: result: no
configure:3003: checking for suffix of executables
configure:3010: gcc -o conftest    conftest.c  >&5
configure:3014: $? = 0
configure:3040: result: 
configure:3046: checking for suffix of object files
configure:3072: gcc -c   conftest.c >&5
configure:3076: $? = 0
configure:3101: result: o
configure:3105: checking whether we are using the GNU C compiler
configure:3134: gcc -c   conftest.c >&5
configure:3141: $? = 0
configure:3158: result: yes
configure:3167: checking whether gcc accepts -g
configure:3197: gcc -c -g  conftest.c >&5
configure:3204: $? = 0
configure:3305: result: yes
configure:3322: checking for gcc option to accept ISO C89
configure:3396: gcc  -c -g -O2  conftest.c >&5
configure:3403: $? = 0
configure:3426: result: none needed
configure:3455: checking for style of include used by make
configure:3483: result: GNU
configure:3508: checking dependency style of gcc
configure:3599: result: gcc3
configure:3645: checking build system type
configure:3663: result: x86_64-unknown-linux-gnu
configure:3685: checking host system type
configure:3700: result: x86_64-unknown-linux-gnu
configure:3722: checking for a sed that does not truncate output
configure:3788: result: /bin/sed
configure:3806: checking for grep that handles long lines and -e
configure:3866: result: /bin/grep
configure:3871: checking for egrep
configure:3935: result: /bin/grep -E
configure:3940: checking for fgrep
configure:4004: result: /bin/grep -F
configure:4039: checking for ld used by gcc
configure:4106: result: /usr/x86_64-pc-linux-gnu/bin/ld
configure:4115: checking if the linker (/usr/x86_64-pc-linux-gnu/bin/ld) is GNU ld
configure:4130: result: yes
configure:4142: checking for BSD- or MS-compatible name lister (nm)
configure:4191: result: /usr/bin/nm -B
configure:4309: checking the name lister (/usr/bin/nm -B) interface
configure:4316: gcc -c -g -O2  conftest.c >&5
configure:4319: /usr/bin/nm -B "conftest.o"
configure:4322: output
0000000000000000 B some_variable
configure:4329: result: BSD nm
configure:4332: checking whether ln -s works
configure:4336: result: yes
configure:4344: checking the maximum length of command line arguments
configure:4464: result: 1572864
configure:4481: checking whether the shell understands some XSI constructs
configure:4491: result: yes
configure:4495: checking whether the shell understands "+="
configure:4501: result: yes
configure:4536: checking for /usr/x86_64-pc-linux-gnu/bin/ld option to reload object files
configure:4543: result: -r
configure:4612: checking for objdump
configure:4628: found /usr/bin/objdump
configure:4639: result: objdump
configure:4671: checking how to recognize dependent libraries
configure:4867: result: pass_all
configure:4927: checking for ar
configure:4943: found /usr/bin/ar
configure:4954: result: ar
configure:5032: checking for strip
configure:5048: found /usr/bin/strip
configure:5059: result: strip
configure:5131: checking for ranlib
configure:5147: found /usr/bin/ranlib
configure:5158: result: ranlib
configure:5248: checking command to parse /usr/bin/nm -B output from gcc object
configure:5366: gcc -c -g -O2  conftest.c >&5
configure:5369: $? = 0
configure:5373: /usr/bin/nm -B conftest.o \| sed -n -e 's/^.*[	 ]\([ABCDGIRSTW][ABCDGIRSTW]*\)[	 ][	 ]*\([_A-Za-z][_A-Za-z0-9]*\)$/\1 \2 \2/p' \> conftest.nm
configure:5376: $? = 0
configure:5430: gcc -o conftest -g -O2   conftest.c conftstm.o >&5
configure:5433: $? = 0
configure:5471: result: ok
configure:5567: gcc -c -g -O2  conftest.c >&5
configure:5570: $? = 0
configure:6338: checking how to run the C preprocessor
configure:6378: gcc -E  conftest.c
configure:6385: $? = 0
configure:6416: gcc -E  conftest.c
conftest.c:10:28: fatal error: ac_nonexistent.h: No such file or directory
compilation terminated.
configure:6423: $? = 1
configure: failed program was:
| /* confdefs.h.  */
| #define PACKAGE_NAME "libxdio"
| #define PACKAGE_TARNAME "libxdio"
| #define PACKAGE_VERSION "0.3.2"
| #define PACKAGE_STRING "libxdio 0.3.2"
| #define PACKAGE_BUGREPORT "guillaume.plante@astro.columbia.edu"
| #define PACKAGE "libxdio"
| #define VERSION "0.3.2"
| /* end confdefs.h.  */
| #include <ac_nonexistent.h>
configure:6456: result: gcc -E
configure:6485: gcc -E  conftest.c
configure:6492: $? = 0
configure:6523: gcc -E  conftest.c
conftest.c:10:28: fatal error: ac_nonexistent.h: No such file or directory
compilation terminated.
configure:6530: $? = 1
configure: failed program was:
| /* confdefs.h.  */
| #define PACKAGE_NAME "libxdio"
| #define PACKAGE_TARNAME "libxdio"
| #define PACKAGE_VERSION "0.3.2"
| #define PACKAGE_STRING "libxdio 0.3.2"
| #define PACKAGE_BUGREPORT "guillaume.plante@astro.columbia.edu"
| #define PACKAGE "libxdio"
| #define VERSION "0.3.2"
| /* end confdefs.h.  */
| #include <ac_nonexistent.h>
configure:6570: checking for ANSI C header files
configure:6600: gcc -c -g -O2  conftest.c >&5
configure:6607: $? = 0
configure:6706: gcc -o conftest -g -O2   conftest.c  >&5
configure:6710: $? = 0
configure:6716: ./conftest
configure:6720: $? = 0
configure:6738: result: yes
configure:6762: checking for sys/types.h
configure:6783: gcc -c -g -O2  conftest.c >&5
configure:6790: $? = 0
configure:6807: result: yes
configure:6762: checking for sys/stat.h
configure:6783: gcc -c -g -O2  conftest.c >&5
configure:6790: $? = 0
configure:6807: result: yes
configure:6762: checking for stdlib.h
configure:6783: gcc -c -g -O2  conftest.c >&5
configure:6790: $? = 0
configure:6807: result: yes
configure:6762: checking for string.h
configure:6783: gcc -c -g -O2  conftest.c >&5
configure:6790: $? = 0
configure:6807: result: yes
configure:6762: checking for memory.h
configure:6783: gcc -c -g -O2  conftest.c >&5
configure:6790: $? = 0
configure:6807: result: yes
configure:6762: checking for strings.h
configure:6783: gcc -c -g -O2  conftest.c >&5
configure:6790: $? = 0
configure:6807: result: yes
configure:6762: checking for inttypes.h
configure:6783: gcc -c -g -O2  conftest.c >&5
configure:6790: $? = 0
configure:6807: result: yes
configure:6762: checking for stdint.h
configure:6783: gcc -c -g -O2  conftest.c >&5
configure:6790: $? = 0
configure:6807: result: yes
configure:6762: checking for unistd.h
configure:6783: gcc -c -g -O2  conftest.c >&5
configure:6790: $? = 0
configure:6807: result: yes
configure:6825: checking for dlfcn.h
configure:6846: gcc -c -g -O2  conftest.c >&5
configure:6853: $? = 0
configure:6870: result: yes
configure:7056: checking for objdir
configure:7071: result: .libs
configure:7363: checking if gcc supports -fno-rtti -fno-exceptions
configure:7381: gcc -c -g -O2  -fno-rtti -fno-exceptions conftest.c >&5
cc1: warning: command line option '-fno-rtti' is valid for C++/ObjC++ but not for C [enabled by default]
configure:7385: $? = 0
configure:7398: result: no
configure:7418: checking for gcc option to produce PIC
configure:7690: result: -fPIC -DPIC
configure:7702: checking if gcc PIC flag -fPIC -DPIC works
configure:7720: gcc -c -g -O2  -fPIC -DPIC -DPIC conftest.c >&5
configure:7724: $? = 0
configure:7737: result: yes
configure:7761: checking if gcc static flag -static works
configure:7789: result: yes
configure:7804: checking if gcc supports -c -o file.o
configure:7825: gcc -c -g -O2  -o out/conftest2.o conftest.c >&5
configure:7829: $? = 0
configure:7851: result: yes
configure:7859: checking if gcc supports -c -o file.o
configure:7906: result: yes
configure:7939: checking whether the gcc linker (/usr/x86_64-pc-linux-gnu/bin/ld -m elf_x86_64) supports shared libraries
configure:9013: result: yes
configure:9050: checking whether -lc should be explicitly linked in
configure:9055: gcc -c -g -O2  conftest.c >&5
configure:9058: $? = 0
configure:9073: gcc -shared conftest.o  -v -Wl,-soname -Wl,conftest -o conftest 2\>\&1 \| /bin/grep  -lc  \>/dev/null 2\>\&1
configure:9076: $? = 0
configure:9088: result: no
configure:9252: checking dynamic linker characteristics
configure:9708: gcc -o conftest -g -O2   -Wl,-rpath -Wl,/foo conftest.c  >&5
configure:9715: $? = 0
configure:9948: result: GNU/Linux ld.so
configure:10050: checking how to hardcode library paths into programs
configure:10075: result: immediate
configure:10908: checking whether stripping libraries is possible
configure:10913: result: yes
configure:10948: checking if libtool supports shared libraries
configure:10950: result: yes
configure:10953: checking whether to build shared libraries
configure:10974: result: yes
configure:10977: checking whether to build static libraries
configure:10981: result: yes
configure:11016: checking for a sed that does not truncate output
configure:11082: result: /bin/sed
configure:11101: checking for a BSD-compatible install
configure:11169: result: /usr/bin/install -c
configure:11183: checking for deflateInit_ in -lz
configure:11218: gcc -o conftest -g -O2   conftest.c -lz   >&5
configure:11225: $? = 0
configure:11246: result: yes
configure:11258: checking for BZ2_bzCompressInit in -lbz2
configure:11293: gcc -o conftest -g -O2   conftest.c -lbz2  -lz  >&5
configure:11300: $? = 0
configure:11321: result: yes
configure:11334: checking for ANSI C header files
configure:11502: result: yes
configure:11528: checking time.h usability
configure:11545: gcc -c -g -O2  conftest.c >&5
configure:11552: $? = 0
configure:11566: result: yes
configure:11570: checking time.h presence
configure:11585: gcc -E  conftest.c
configure:11592: $? = 0
configure:11606: result: yes
configure:11639: checking for time.h
configure:11648: result: yes
configure:11679: checking sys/time.h usability
configure:11696: gcc -c -g -O2  conftest.c >&5
configure:11703: $? = 0
configure:11717: result: yes
configure:11721: checking sys/time.h presence
configure:11736: gcc -E  conftest.c
configure:11743: $? = 0
configure:11757: result: yes
configure:11790: checking for sys/time.h
configure:11799: result: yes
configure:11817: checking for int8_t
configure:11848: gcc -c -g -O2  conftest.c >&5
configure:11855: $? = 0
configure:11884: gcc -c -g -O2  conftest.c >&5
conftest.c: In function 'main':
conftest.c:63:12: error: size of array 'test_array' is negative
configure:11891: $? = 1
configure: failed program was:
| /* confdefs.h.  */
| #define PACKAGE_NAME "libxdio"
| #define PACKAGE_TARNAME "libxdio"
| #define PACKAGE_VERSION "0.3.2"
| #define PACKAGE_STRING "libxdio 0.3.2"
| #define PACKAGE_BUGREPORT "guillaume.plante@astro.columbia.edu"
| #define PACKAGE "libxdio"
| #define VERSION "0.3.2"
| #define STDC_HEADERS 1
| #define HAVE_SYS_TYPES_H 1
| #define HAVE_SYS_STAT_H 1
| #define HAVE_STDLIB_H 1
| #define HAVE_STRING_H 1
| #define HAVE_MEMORY_H 1
| #define HAVE_STRINGS_H 1
| #define HAVE_INTTYPES_H 1
| #define HAVE_STDINT_H 1
| #define HAVE_UNISTD_H 1
| #define HAVE_DLFCN_H 1
| #define LT_OBJDIR ".libs/"
| #define HAVE_LIBZ 1
| #define HAVE_LIBBZ2 1
| #define STDC_HEADERS 1
| #define HAVE_TIME_H 1
| #define HAVE_SYS_TIME_H 1
| /* end confdefs.h.  */
| #include <stdio.h>
| #ifdef HAVE_SYS_TYPES_H
| # include <sys/types.h>
| #endif
| #ifdef HAVE_SYS_STAT_H
| # include <sys/stat.h>
| #endif
| #ifdef STDC_HEADERS
| # include <stdlib.h>
| # include <stddef.h>
| #else
| # ifdef HAVE_STDLIB_H
| #  include <stdlib.h>
| # endif
| #endif
| #ifdef HAVE_STRING_H
| # if !defined STDC_HEADERS && defined HAVE_MEMORY_H
| #  include <memory.h>
| # endif
| # include <string.h>
| #endif
| #ifdef HAVE_STRINGS_H
| # include <strings.h>
| #endif
| #ifdef HAVE_INTTYPES_H
| # include <inttypes.h>
| #endif
| #ifdef HAVE_STDINT_H
| # include <stdint.h>
| #endif
| #ifdef HAVE_UNISTD_H
| # include <unistd.h>
| #endif
| int
| main ()
| {
| static int test_array [1 - 2 * !((int8_t) ((((int8_t) 1 << (8 - 2)) - 1) * 2 + 1)
| 		 < (int8_t) ((((int8_t) 1 << (8 - 2)) - 1) * 2 + 2))];
| test_array [0] = 0
| 
|   ;
|   return 0;
| }
configure:11920: result: yes
configure:11933: checking for int16_t
configure:11964: gcc -c -g -O2  conftest.c >&5
configure:11971: $? = 0
configure:12000: gcc -c -g -O2  conftest.c >&5
conftest.c: In function 'main':
conftest.c:63:12: error: size of array 'test_array' is negative
configure:12007: $? = 1
configure: failed program was:
| /* confdefs.h.  */
| #define PACKAGE_NAME "libxdio"
| #define PACKAGE_TARNAME "libxdio"
| #define PACKAGE_VERSION "0.3.2"
| #define PACKAGE_STRING "libxdio 0.3.2"
| #define PACKAGE_BUGREPORT "guillaume.plante@astro.columbia.edu"
| #define PACKAGE "libxdio"
| #define VERSION "0.3.2"
| #define STDC_HEADERS 1
| #define HAVE_SYS_TYPES_H 1
| #define HAVE_SYS_STAT_H 1
| #define HAVE_STDLIB_H 1
| #define HAVE_STRING_H 1
| #define HAVE_MEMORY_H 1
| #define HAVE_STRINGS_H 1
| #define HAVE_INTTYPES_H 1
| #define HAVE_STDINT_H 1
| #define HAVE_UNISTD_H 1
| #define HAVE_DLFCN_H 1
| #define LT_OBJDIR ".libs/"
| #define HAVE_LIBZ 1
| #define HAVE_LIBBZ2 1
| #define STDC_HEADERS 1
| #define HAVE_TIME_H 1
| #define HAVE_SYS_TIME_H 1
| /* end confdefs.h.  */
| #include <stdio.h>
| #ifdef HAVE_SYS_TYPES_H
| # include <sys/types.h>
| #endif
| #ifdef HAVE_SYS_STAT_H
| # include <sys/stat.h>
| #endif
| #ifdef STDC_HEADERS
| # include <stdlib.h>
| # include <stddef.h>
| #else
| # ifdef HAVE_STDLIB_H
| #  include <stdlib.h>
| # endif
| #endif
| #ifdef HAVE_STRING_H
| # if !defined STDC_HEADERS && defined HAVE_MEMORY_H
| #  include <memory.h>
| # endif
| # include <string.h>
| #endif
| #ifdef HAVE_STRINGS_H
| # include <strings.h>
| #endif
| #ifdef HAVE_INTTYPES_H
| # include <inttypes.h>
| #endif
| #ifdef HAVE_STDINT_H
| # include <stdint.h>
| #endif
| #ifdef HAVE_UNISTD_H
| # include <unistd.h>
| #endif
| int
| main ()
| {
| static int test_array [1 - 2 * !((int16_t) ((((int16_t) 1 << (16 - 2)) - 1) * 2 + 1)
| 		 < (int16_t) ((((int16_t) 1 << (16 - 2)) - 1) * 2 + 2))];
| test_array [0] = 0
| 
|   ;
|   return 0;
| }
configure:12036: result: yes
configure:12049: checking for int32_t
configure:12080: gcc -c -g -O2  conftest.c >&5
configure:12087: $? = 0
configure:12116: gcc -c -g -O2  conftest.c >&5
conftest.c: In function 'main':
conftest.c:64:53: warning: integer overflow in expression [-Woverflow]
conftest.c:63:12: error: storage size of 'test_array' isn't constant
configure:12123: $? = 1
configure: failed program was:
| /* confdefs.h.  */
| #define PACKAGE_NAME "libxdio"
| #define PACKAGE_TARNAME "libxdio"
| #define PACKAGE_VERSION "0.3.2"
| #define PACKAGE_STRING "libxdio 0.3.2"
| #define PACKAGE_BUGREPORT "guillaume.plante@astro.columbia.edu"
| #define PACKAGE "libxdio"
| #define VERSION "0.3.2"
| #define STDC_HEADERS 1
| #define HAVE_SYS_TYPES_H 1
| #define HAVE_SYS_STAT_H 1
| #define HAVE_STDLIB_H 1
| #define HAVE_STRING_H 1
| #define HAVE_MEMORY_H 1
| #define HAVE_STRINGS_H 1
| #define HAVE_INTTYPES_H 1
| #define HAVE_STDINT_H 1
| #define HAVE_UNISTD_H 1
| #define HAVE_DLFCN_H 1
| #define LT_OBJDIR ".libs/"
| #define HAVE_LIBZ 1
| #define HAVE_LIBBZ2 1
| #define STDC_HEADERS 1
| #define HAVE_TIME_H 1
| #define HAVE_SYS_TIME_H 1
| /* end confdefs.h.  */
| #include <stdio.h>
| #ifdef HAVE_SYS_TYPES_H
| # include <sys/types.h>
| #endif
| #ifdef HAVE_SYS_STAT_H
| # include <sys/stat.h>
| #endif
| #ifdef STDC_HEADERS
| # include <stdlib.h>
| # include <stddef.h>
| #else
| # ifdef HAVE_STDLIB_H
| #  include <stdlib.h>
| # endif
| #endif
| #ifdef HAVE_STRING_H
| # if !defined STDC_HEADERS && defined HAVE_MEMORY_H
| #  include <memory.h>
| # endif
| # include <string.h>
| #endif
| #ifdef HAVE_STRINGS_H
| # include <strings.h>
| #endif
| #ifdef HAVE_INTTYPES_H
| # include <inttypes.h>
| #endif
| #ifdef HAVE_STDINT_H
| # include <stdint.h>
| #endif
| #ifdef HAVE_UNISTD_H
| # include <unistd.h>
| #endif
| int
| main ()
| {
| static int test_array [1 - 2 * !((int32_t) ((((int32_t) 1 << (32 - 2)) - 1) * 2 + 1)
| 		 < (int32_t) ((((int32_t) 1 << (32 - 2)) - 1) * 2 + 2))];
| test_array [0] = 0
| 
|   ;
|   return 0;
| }
configure:12152: result: yes
configure:12165: checking for uint8_t
configure:12196: gcc -c -g -O2  conftest.c >&5
configure:12203: $? = 0
configure:12224: result: yes
configure:12242: checking for uint16_t
configure:12273: gcc -c -g -O2  conftest.c >&5
configure:12280: $? = 0
configure:12301: result: yes
configure:12315: checking for uint32_t
configure:12346: gcc -c -g -O2  conftest.c >&5
configure:12353: $? = 0
configure:12374: result: yes
configure:12394: checking whether byte ordering is bigendian
configure:12419: gcc -c -g -O2  conftest.c >&5
conftest.c:28:9: error: unknown type name 'not'
conftest.c:28:15: error: expected '=', ',', ';', 'asm' or '__attribute__' before 'universal'
conftest.c:28:15: error: unknown type name 'universal'
configure:12426: $? = 1
configure: failed program was:
| /* confdefs.h.  */
| #define PACKAGE_NAME "libxdio"
| #define PACKAGE_TARNAME "libxdio"
| #define PACKAGE_VERSION "0.3.2"
| #define PACKAGE_STRING "libxdio 0.3.2"
| #define PACKAGE_BUGREPORT "guillaume.plante@astro.columbia.edu"
| #define PACKAGE "libxdio"
| #define VERSION "0.3.2"
| #define STDC_HEADERS 1
| #define HAVE_SYS_TYPES_H 1
| #define HAVE_SYS_STAT_H 1
| #define HAVE_STDLIB_H 1
| #define HAVE_STRING_H 1
| #define HAVE_MEMORY_H 1
| #define HAVE_STRINGS_H 1
| #define HAVE_INTTYPES_H 1
| #define HAVE_STDINT_H 1
| #define HAVE_UNISTD_H 1
| #define HAVE_DLFCN_H 1
| #define LT_OBJDIR ".libs/"
| #define HAVE_LIBZ 1
| #define HAVE_LIBBZ2 1
| #define STDC_HEADERS 1
| #define HAVE_TIME_H 1
| #define HAVE_SYS_TIME_H 1
| /* end confdefs.h.  */
| #ifndef __APPLE_CC__
| 	       not a universal capable compiler
| 	     #endif
| 	     typedef int dummy;
| 
configure:12476: gcc -c -g -O2  conftest.c >&5
configure:12483: $? = 0
configure:12515: gcc -c -g -O2  conftest.c >&5
conftest.c: In function 'main':
conftest.c:34:4: error: unknown type name 'not'
conftest.c:34:12: error: expected '=', ',', ';', 'asm' or '__attribute__' before 'endian'
configure:12522: $? = 1
configure: failed program was:
| /* confdefs.h.  */
| #define PACKAGE_NAME "libxdio"
| #define PACKAGE_TARNAME "libxdio"
| #define PACKAGE_VERSION "0.3.2"
| #define PACKAGE_STRING "libxdio 0.3.2"
| #define PACKAGE_BUGREPORT "guillaume.plante@astro.columbia.edu"
| #define PACKAGE "libxdio"
| #define VERSION "0.3.2"
| #define STDC_HEADERS 1
| #define HAVE_SYS_TYPES_H 1
| #define HAVE_SYS_STAT_H 1
| #define HAVE_STDLIB_H 1
| #define HAVE_STRING_H 1
| #define HAVE_MEMORY_H 1
| #define HAVE_STRINGS_H 1
| #define HAVE_INTTYPES_H 1
| #define HAVE_STDINT_H 1
| #define HAVE_UNISTD_H 1
| #define HAVE_DLFCN_H 1
| #define LT_OBJDIR ".libs/"
| #define HAVE_LIBZ 1
| #define HAVE_LIBBZ2 1
| #define STDC_HEADERS 1
| #define HAVE_TIME_H 1
| #define HAVE_SYS_TIME_H 1
| /* end confdefs.h.  */
| #include <sys/types.h>
| 		#include <sys/param.h>
| 
| int
| main ()
| {
| #if BYTE_ORDER != BIG_ENDIAN
| 		 not big endian
| 		#endif
| 
|   ;
|   return 0;
| }
configure:12774: result: no
configure:12803: checking size of long
configure:13108: gcc -o conftest -g -O2   conftest.c -lbz2 -lz  >&5
configure:13112: $? = 0
configure:13118: ./conftest
configure:13122: $? = 0
configure:13148: result: 8
configure:13163: checking for simple visibility declarations
configure:13195: gcc -c -g -O2 -fvisibility=hidden  conftest.c >&5
configure:13202: $? = 0
configure:13219: result: yes
configure:13358: creating ./config.status

## ---------------------- ##
## Running config.status. ##
## ---------------------- ##

This file was extended by libxdio config.status 0.3.2, which was
generated by GNU Autoconf 2.63.  Invocation command line was

  CONFIG_FILES    = 
  CONFIG_HEADERS  = 
  CONFIG_LINKS    = 
  CONFIG_COMMANDS = 
  $ ./config.status 

on astro18

config.status:992: creating Makefile
config.status:992: creating src/Makefile
config.status:992: creating config.h
config.status:1214: config.h is unchanged
config.status:992: creating src/libxdio.h
config.status:1214: src/libxdio.h is unchanged
config.status:1266: executing depfiles commands
config.status:1266: executing libtool commands

## ---------------- ##
## Cache variables. ##
## ---------------- ##

ac_cv_build=x86_64-unknown-linux-gnu
ac_cv_c_bigendian=no
ac_cv_c_compiler_gnu=yes
ac_cv_c_int16_t=yes
ac_cv_c_int32_t=yes
ac_cv_c_int8_t=yes
ac_cv_c_uint16_t=yes
ac_cv_c_uint32_t=yes
ac_cv_c_uint8_t=yes
ac_cv_env_CC_set=
ac_cv_env_CC_value=
ac_cv_env_CFLAGS_set=
ac_cv_env_CFLAGS_value=
ac_cv_env_CPPFLAGS_set=
ac_cv_env_CPPFLAGS_value=
ac_cv_env_CPP_set=
ac_cv_env_CPP_value=
ac_cv_env_LDFLAGS_set=
ac_cv_env_LDFLAGS_value=
ac_cv_env_LIBS_set=
ac_cv_env_LIBS_value=
ac_cv_env_build_alias_set=
ac_cv_env_build_alias_value=
ac_cv_env_host_alias_set=
ac_cv_env_host_alias_value=
ac_cv_env_target_alias_set=
ac_cv_env_target_alias_value=
ac_cv_header_dlfcn_h=yes
ac_cv_header_inttypes_h=yes
ac_cv_header_memory_h=yes
ac_cv_header_stdc=yes
ac_cv_header_stdint_h=yes
ac_cv_header_stdlib_h=yes
ac_cv_header_string_h=yes
ac_cv_header_strings_h=yes
ac_cv_header_sys_stat_h=yes
ac_cv_header_sys_time_h=yes
ac_cv_header_sys_types_h=yes
ac_cv_header_time_h=yes
ac_cv_header_unistd_h=yes
ac_cv_host=x86_64-unknown-linux-gnu
ac_cv_lib_bz2_BZ2_bzCompressInit=yes
ac_cv_lib_z_deflateInit_=yes
ac_cv_objext=o
ac_cv_path_EGREP='/bin/grep -E'
ac_cv_path_FGREP='/bin/grep -F'
ac_cv_path_GREP=/bin/grep
ac_cv_path_SED=/bin/sed
ac_cv_path_install='/usr/bin/install -c'
ac_cv_path_mkdir=/bin/mkdir
ac_cv_prog_AWK=gawk
ac_cv_prog_CPP='gcc -E'
ac_cv_prog_ac_ct_AR=ar
ac_cv_prog_ac_ct_CC=gcc
ac_cv_prog_ac_ct_OBJDUMP=objdump
ac_cv_prog_ac_ct_RANLIB=ranlib
ac_cv_prog_ac_ct_STRIP=strip
ac_cv_prog_cc_c89=
ac_cv_prog_cc_g=yes
ac_cv_prog_make_make_set=yes
ac_cv_sizeof_long=8
am_cv_CC_dependencies_compiler_type=gcc3
gl_cv_cc_visibility=yes
lt_cv_deplibs_check_method=pass_all
lt_cv_file_magic_cmd='$MAGIC_CMD'
lt_cv_file_magic_test_file=
lt_cv_ld_reload_flag=-r
lt_cv_nm_interface='BSD nm'
lt_cv_objdir=.libs
lt_cv_path_LD=/usr/x86_64-pc-linux-gnu/bin/ld
lt_cv_path_NM='/usr/bin/nm -B'
lt_cv_prog_compiler_c_o=yes
lt_cv_prog_compiler_pic_works=yes
lt_cv_prog_compiler_rtti_exceptions=no
lt_cv_prog_compiler_static_works=yes
lt_cv_prog_gnu_ld=yes
lt_cv_sys_global_symbol_pipe='sed -n -e '\''s/^.*[	 ]\([ABCDGIRSTW][ABCDGIRSTW]*\)[	 ][	 ]*\([_A-Za-z][_A-Za-z0-9]*\)$/\1 \2 \2/p'\'''
lt_cv_sys_global_symbol_to_c_name_address='sed -n -e '\''s/^: \([^ ]*\) $/  {\"\1\", (void *) 0},/p'\'' -e '\''s/^[ABCDGIRSTW]* \([^ ]*\) \([^ ]*\)$/  {"\2", (void *) \&\2},/p'\'''
lt_cv_sys_global_symbol_to_c_name_address_lib_prefix='sed -n -e '\''s/^: \([^ ]*\) $/  {\"\1\", (void *) 0},/p'\'' -e '\''s/^[ABCDGIRSTW]* \([^ ]*\) \(lib[^ ]*\)$/  {"\2", (void *) \&\2},/p'\'' -e '\''s/^[ABCDGIRSTW]* \([^ ]*\) \([^ ]*\)$/  {"lib\2", (void *) \&\2},/p'\'''
lt_cv_sys_global_symbol_to_cdecl='sed -n -e '\''s/^T .* \(.*\)$/extern int \1();/p'\'' -e '\''s/^[ABCDGIRSTW]* .* \(.*\)$/extern char \1;/p'\'''
lt_cv_sys_max_cmd_len=1572864

## ----------------- ##
## Output variables. ##
## ----------------- ##

ACLOCAL='${SHELL} /home/xedaq/nerix/libxdio-0.3.2/missing --run aclocal-1.10'
AMDEPBACKSLASH='\'
AMDEP_FALSE='#'
AMDEP_TRUE=''
AMTAR='${SHELL} /home/xedaq/nerix/libxdio-0.3.2/missing --run tar'
AR='ar'
AUTOCONF='${SHELL} /home/xedaq/nerix/libxdio-0.3.2/missing --run autoconf'
AUTOHEADER='${SHELL} /home/xedaq/nerix/libxdio-0.3.2/missing --run autoheader'
AUTOMAKE='${SHELL} /home/xedaq/nerix/libxdio-0.3.2/missing --run automake-1.10'
AWK='gawk'
CC='gcc'
CCDEPMODE='depmode=gcc3'
CFLAGS='-g -O2'
CFLAG_VISIBILITY='-fvisibility=hidden'
CPP='gcc -E'
CPPFLAGS=''
CYGPATH_W='echo'
DEFS='-DHAVE_CONFIG_H'
DEPDIR='.deps'
DSYMUTIL=''
DUMPBIN=''
ECHO_C=''
ECHO_N='-n'
ECHO_T=''
EGREP='/bin/grep -E'
EXEEXT=''
FGREP='/bin/grep -F'
GREP='/bin/grep'
HAVE_VISIBILITY='1'
INSTALL_DATA='${INSTALL} -m 644'
INSTALL_PROGRAM='${INSTALL}'
INSTALL_SCRIPT='${INSTALL}'
INSTALL_STRIP_PROGRAM='$(install_sh) -c -s'
LD='/usr/x86_64-pc-linux-gnu/bin/ld -m elf_x86_64'
LDFLAGS=''
LIBOBJS=''
LIBS='-lbz2 -lz '
LIBTOOL='$(SHELL) $(top_builddir)/libtool'
LIPO=''
LN_S='ln -s'
LTLIBOBJS=''
MAKEINFO='${SHELL} /home/xedaq/nerix/libxdio-0.3.2/missing --run makeinfo'
MKDIR_P='/bin/mkdir -p'
NM='/usr/bin/nm -B'
NMEDIT=''
OBJDUMP='objdump'
OBJEXT='o'
OTOOL64=''
OTOOL=''
PACKAGE='libxdio'
PACKAGE_BUGREPORT='guillaume.plante@astro.columbia.edu'
PACKAGE_NAME='libxdio'
PACKAGE_STRING='libxdio 0.3.2'
PACKAGE_TARNAME='libxdio'
PACKAGE_VERSION='0.3.2'
PATH_SEPARATOR=':'
RANLIB='ranlib'
SED='/bin/sed'
SET_MAKE=''
SHELL='/bin/sh'
STRIP='strip'
VERSION='0.3.2'
ac_ct_CC='gcc'
ac_ct_DUMPBIN=''
am__fastdepCC_FALSE='#'
am__fastdepCC_TRUE=''
am__include='include'
am__isrc=''
am__leading_dot='.'
am__quote=''
am__tar='${AMTAR} chof - "$$tardir"'
am__untar='${AMTAR} xf -'
bindir='${exec_prefix}/bin'
build='x86_64-unknown-linux-gnu'
build_alias=''
build_cpu='x86_64'
build_os='linux-gnu'
build_vendor='unknown'
datadir='${datarootdir}'
datarootdir='${prefix}/share'
docdir='${datarootdir}/doc/${PACKAGE_TARNAME}'
dvidir='${docdir}'
exec_prefix='${prefix}'
host='x86_64-unknown-linux-gnu'
host_alias=''
host_cpu='x86_64'
host_os='linux-gnu'
host_vendor='unknown'
htmldir='${docdir}'
includedir='${prefix}/include'
infodir='${datarootdir}/info'
install_sh='$(SHELL) /home/xedaq/nerix/libxdio-0.3.2/install-sh'
libdir='${exec_prefix}/lib'
libexecdir='${exec_prefix}/libexec'
localedir='${datarootdir}/locale'
localstatedir='${prefix}/var'
lt_ECHO='echo'
mandir='${datarootdir}/man'
mkdir_p='/bin/mkdir -p'
oldincludedir='/usr/include'
pdfdir='${docdir}'
prefix='/usr/local'
program_transform_name='s,x,x,'
psdir='${docdir}'
sbindir='${exec_prefix}/sbin'
sharedstatedir='${prefix}/com'
sysconfdir='${prefix}/etc'
target_alias=''

## ----------- ##
## confdefs.h. ##
## ----------- ##

#define PACKAGE_NAME "libxdio"
#define PACKAGE_TARNAME "libxdio"
#define PACKAGE_VERSION "0.3.2"
#define PACKAGE_STRING "libxdio 0.3.2"
#define PACKAGE_BUGREPORT "guillaume.plante@astro.columbia.edu"
#define PACKAGE "libxdio"
#define VERSION "0.3.2"
#define STDC_HEADERS 1
#define HAVE_SYS_TYPES_H 1
#define HAVE_SYS_STAT_H 1
#define HAVE_STDLIB_H 1
#define HAVE_STRING_H 1
#define HAVE_MEMORY_H 1
#define HAVE_STRINGS_H 1
#define HAVE_INTTYPES_H 1
#define HAVE_STDINT_H 1
#define HAVE_UNISTD_H 1
#define HAVE_DLFCN_H 1
#define LT_OBJDIR ".libs/"
#define HAVE_LIBZ 1
#define HAVE_LIBBZ2 1
#define STDC_HEADERS 1
#define HAVE_TIME_H 1
#define HAVE_SYS_TIME_H 1
#define SIZEOF_LONG 8
#define HAVE_VISIBILITY 1

configure: exit 0
