This file contains any messages produced by compilers while
running configure, to aid debugging if configure makes a mistake.

It was created by libtclplus configure 1.2-006, which was
generated by GNU Autoconf 2.69.  Invocation command line was

  $ ./configure --prefix=/usr/opt/nscldaq/10.2-108

## --------- ##
## Platform. ##
## --------- ##

hostname = charlie
uname -m = x86_64
uname -r = 3.2.0-4-amd64
uname -s = Linux
uname -v = #1 SMP Debian 3.2.51-1

/usr/bin/uname -p = unknown
/bin/uname -X     = unknown

/bin/arch              = unknown
/usr/bin/arch -k       = unknown
/usr/convex/getsysinfo = unknown
/usr/bin/hostinfo      = unknown
/bin/machine           = unknown
/usr/bin/oslevel       = unknown
/bin/universe          = unknown

PATH: /bin
PATH: /usr/bin
PATH: /soft/intel/java/bin
PATH: /usr/local/bin
PATH: /usr/bin
PATH: /bin
PATH: /usr/local/games
PATH: /usr/games
PATH: /user/fox/bin
PATH: .
PATH: /var/lib/gems/1.8/bin/


## ----------- ##
## Core tests. ##
## ----------- ##

configure:2316: checking for a BSD-compatible install
configure:2384: result: /usr/bin/install -c
configure:2395: checking whether build environment is sane
configure:2445: result: yes
configure:2586: checking for a thread-safe mkdir -p
configure:2625: result: /bin/mkdir -p
configure:2638: checking for gawk
configure:2654: found /usr/bin/gawk
configure:2665: result: gawk
configure:2676: checking whether make sets $(MAKE)
configure:2698: result: yes
configure:2839: checking for g++
configure:2855: found /usr/bin/g++
configure:2866: result: g++
configure:2893: checking for C++ compiler version
configure:2902: g++ --version >&5
g++ (Debian 4.7.2-5) 4.7.2
Copyright (C) 2012 Free Software Foundation, Inc.
This is free software; see the source for copying conditions.  There is NO
warranty; not even for MERCHANTABILITY or FITNESS FOR A PARTICULAR PURPOSE.

configure:2913: $? = 0
configure:2902: g++ -v >&5
Using built-in specs.
COLLECT_GCC=g++
COLLECT_LTO_WRAPPER=/usr/lib/gcc/x86_64-linux-gnu/4.7/lto-wrapper
Target: x86_64-linux-gnu
Configured with: ../src/configure -v --with-pkgversion='Debian 4.7.2-5' --with-bugurl=file:///usr/share/doc/gcc-4.7/README.Bugs --enable-languages=c,c++,go,fortran,objc,obj-c++ --prefix=/usr --program-suffix=-4.7 --enable-shared --enable-linker-build-id --with-system-zlib --libexecdir=/usr/lib --without-included-gettext --enable-threads=posix --with-gxx-include-dir=/usr/include/c++/4.7 --libdir=/usr/lib --enable-nls --with-sysroot=/ --enable-clocale=gnu --enable-libstdcxx-debug --enable-libstdcxx-time=yes --enable-gnu-unique-object --enable-plugin --enable-objc-gc --with-arch-32=i586 --with-tune=generic --enable-checking=release --build=x86_64-linux-gnu --host=x86_64-linux-gnu --target=x86_64-linux-gnu
Thread model: posix
gcc version 4.7.2 (Debian 4.7.2-5) 
configure:2913: $? = 0
configure:2902: g++ -V >&5
g++: error: unrecognized command line option '-V'
g++: fatal error: no input files
compilation terminated.
configure:2913: $? = 4
configure:2902: g++ -qversion >&5
g++: error: unrecognized command line option '-qversion'
g++: fatal error: no input files
compilation terminated.
configure:2913: $? = 4
configure:2933: checking whether the C++ compiler works
configure:2955: g++    conftest.cpp  >&5
configure:2959: $? = 0
configure:3007: result: yes
configure:3010: checking for C++ compiler default output file name
configure:3012: result: a.out
configure:3018: checking for suffix of executables
configure:3025: g++ -o conftest    conftest.cpp  >&5
configure:3029: $? = 0
configure:3051: result: 
configure:3073: checking whether we are cross compiling
configure:3081: g++ -o conftest    conftest.cpp  >&5
configure:3085: $? = 0
configure:3092: ./conftest
configure:3096: $? = 0
configure:3111: result: no
configure:3116: checking for suffix of object files
configure:3138: g++ -c   conftest.cpp >&5
configure:3142: $? = 0
configure:3163: result: o
configure:3167: checking whether we are using the GNU C++ compiler
configure:3186: g++ -c   conftest.cpp >&5
configure:3186: $? = 0
configure:3195: result: yes
configure:3204: checking whether g++ accepts -g
configure:3224: g++ -c -g  conftest.cpp >&5
configure:3224: $? = 0
configure:3265: result: yes
configure:3299: checking for style of include used by make
configure:3327: result: GNU
configure:3353: checking dependency style of g++
configure:3464: result: gcc3
configure:3527: checking for gcc
configure:3543: found /usr/bin/gcc
configure:3554: result: gcc
configure:3783: checking for C compiler version
configure:3792: gcc --version >&5
gcc (Debian 4.7.2-5) 4.7.2
Copyright (C) 2012 Free Software Foundation, Inc.
This is free software; see the source for copying conditions.  There is NO
warranty; not even for MERCHANTABILITY or FITNESS FOR A PARTICULAR PURPOSE.

configure:3803: $? = 0
configure:3792: gcc -v >&5
Using built-in specs.
COLLECT_GCC=gcc
COLLECT_LTO_WRAPPER=/usr/lib/gcc/x86_64-linux-gnu/4.7/lto-wrapper
Target: x86_64-linux-gnu
Configured with: ../src/configure -v --with-pkgversion='Debian 4.7.2-5' --with-bugurl=file:///usr/share/doc/gcc-4.7/README.Bugs --enable-languages=c,c++,go,fortran,objc,obj-c++ --prefix=/usr --program-suffix=-4.7 --enable-shared --enable-linker-build-id --with-system-zlib --libexecdir=/usr/lib --without-included-gettext --enable-threads=posix --with-gxx-include-dir=/usr/include/c++/4.7 --libdir=/usr/lib --enable-nls --with-sysroot=/ --enable-clocale=gnu --enable-libstdcxx-debug --enable-libstdcxx-time=yes --enable-gnu-unique-object --enable-plugin --enable-objc-gc --with-arch-32=i586 --with-tune=generic --enable-checking=release --build=x86_64-linux-gnu --host=x86_64-linux-gnu --target=x86_64-linux-gnu
Thread model: posix
gcc version 4.7.2 (Debian 4.7.2-5) 
configure:3803: $? = 0
configure:3792: gcc -V >&5
gcc: error: unrecognized command line option '-V'
gcc: fatal error: no input files
compilation terminated.
configure:3803: $? = 4
configure:3792: gcc -qversion >&5
gcc: error: unrecognized command line option '-qversion'
gcc: fatal error: no input files
compilation terminated.
configure:3803: $? = 4
configure:3807: checking whether we are using the GNU C compiler
configure:3826: gcc -c   conftest.c >&5
configure:3826: $? = 0
configure:3835: result: yes
configure:3844: checking whether gcc accepts -g
configure:3864: gcc -c -g  conftest.c >&5
configure:3864: $? = 0
configure:3905: result: yes
configure:3922: checking for gcc option to accept ISO C89
configure:3985: gcc  -c -g -O2  conftest.c >&5
configure:3985: $? = 0
configure:3998: result: none needed
configure:4020: checking dependency style of gcc
configure:4131: result: gcc3
configure:4151: checking how to run the C preprocessor
configure:4182: gcc -E  conftest.c
configure:4182: $? = 0
configure:4196: gcc -E  conftest.c
conftest.c:11:28: fatal error: ac_nonexistent.h: No such file or directory
compilation terminated.
configure:4196: $? = 1
configure: failed program was:
| /* confdefs.h */
| #define PACKAGE_NAME "libtclplus"
| #define PACKAGE_TARNAME "libtclplus"
| #define PACKAGE_VERSION "1.2-006"
| #define PACKAGE_STRING "libtclplus 1.2-006"
| #define PACKAGE_BUGREPORT "fox@nscl.msu.edu"
| #define PACKAGE_URL ""
| #define PACKAGE "libtclplus"
| #define VERSION "1.2-006"
| /* end confdefs.h.  */
| #include <ac_nonexistent.h>
configure:4221: result: gcc -E
configure:4241: gcc -E  conftest.c
configure:4241: $? = 0
configure:4255: gcc -E  conftest.c
conftest.c:11:28: fatal error: ac_nonexistent.h: No such file or directory
compilation terminated.
configure:4255: $? = 1
configure: failed program was:
| /* confdefs.h */
| #define PACKAGE_NAME "libtclplus"
| #define PACKAGE_TARNAME "libtclplus"
| #define PACKAGE_VERSION "1.2-006"
| #define PACKAGE_STRING "libtclplus 1.2-006"
| #define PACKAGE_BUGREPORT "fox@nscl.msu.edu"
| #define PACKAGE_URL ""
| #define PACKAGE "libtclplus"
| #define VERSION "1.2-006"
| /* end confdefs.h.  */
| #include <ac_nonexistent.h>
configure:4313: checking build system type
configure:4327: result: x86_64-unknown-linux-gnu
configure:4347: checking host system type
configure:4360: result: x86_64-unknown-linux-gnu
configure:4401: checking how to print strings
configure:4428: result: printf
configure:4449: checking for a sed that does not truncate output
configure:4513: result: /bin/sed
configure:4531: checking for grep that handles long lines and -e
configure:4589: result: /bin/grep
configure:4594: checking for egrep
configure:4656: result: /bin/grep -E
configure:4661: checking for fgrep
configure:4723: result: /bin/grep -F
configure:4758: checking for ld used by gcc
configure:4825: result: /usr/bin/ld
configure:4832: checking if the linker (/usr/bin/ld) is GNU ld
configure:4847: result: yes
configure:4859: checking for BSD- or MS-compatible name lister (nm)
configure:4908: result: /usr/bin/nm -B
configure:5038: checking the name lister (/usr/bin/nm -B) interface
configure:5045: gcc -c -g -O2  conftest.c >&5
configure:5048: /usr/bin/nm -B "conftest.o"
configure:5051: output
0000000000000000 B some_variable
configure:5058: result: BSD nm
configure:5061: checking whether ln -s works
configure:5065: result: yes
configure:5073: checking the maximum length of command line arguments
configure:5203: result: 1572864
configure:5220: checking whether the shell understands some XSI constructs
configure:5230: result: yes
configure:5234: checking whether the shell understands "+="
configure:5240: result: yes
configure:5275: checking how to convert x86_64-unknown-linux-gnu file names to x86_64-unknown-linux-gnu format
configure:5315: result: func_convert_file_noop
configure:5322: checking how to convert x86_64-unknown-linux-gnu file names to toolchain format
configure:5342: result: func_convert_file_noop
configure:5349: checking for /usr/bin/ld option to reload object files
configure:5356: result: -r
configure:5430: checking for objdump
configure:5446: found /usr/bin/objdump
configure:5457: result: objdump
configure:5489: checking how to recognize dependent libraries
configure:5687: result: pass_all
configure:5772: checking for dlltool
configure:5802: result: no
configure:5832: checking how to associate runtime and link libraries
configure:5859: result: printf %s\n
configure:5920: checking for ar
configure:5936: found /usr/bin/ar
configure:5947: result: ar
configure:5984: checking for archiver @FILE support
configure:6001: gcc -c -g -O2  conftest.c >&5
configure:6001: $? = 0
configure:6004: ar cru libconftest.a @conftest.lst >&5
configure:6007: $? = 0
configure:6012: ar cru libconftest.a @conftest.lst >&5
ar: conftest.o: No such file or directory
configure:6015: $? = 1
configure:6027: result: @
configure:6085: checking for strip
configure:6101: found /usr/bin/strip
configure:6112: result: strip
configure:6184: checking for ranlib
configure:6200: found /usr/bin/ranlib
configure:6211: result: ranlib
configure:6313: checking command to parse /usr/bin/nm -B output from gcc object
configure:6433: gcc -c -g -O2  conftest.c >&5
configure:6436: $? = 0
configure:6440: /usr/bin/nm -B conftest.o \| sed -n -e 's/^.*[ ]\([ABCDGIRSTW][ABCDGIRSTW]*\)[ ][ ]*\([_A-Za-z][_A-Za-z0-9]*\)$/\1 \2 \2/p' | sed '/ __gnu_lto/d' \> conftest.nm
configure:6443: $? = 0
configure:6509: gcc -o conftest -g -O2   conftest.c conftstm.o >&5
configure:6512: $? = 0
configure:6550: result: ok
configure:6587: checking for sysroot
configure:6617: result: no
configure:6694: gcc -c -g -O2  conftest.c >&5
configure:6697: $? = 0
configure:6873: checking for mt
configure:6889: found /bin/mt
configure:6900: result: mt
configure:6923: checking if mt is a manifest tool
configure:6929: mt '-?'
configure:6937: result: no
configure:7575: checking for ANSI C header files
configure:7595: gcc -c -g -O2  conftest.c >&5
configure:7595: $? = 0
configure:7668: gcc -o conftest -g -O2   conftest.c  >&5
configure:7668: $? = 0
configure:7668: ./conftest
configure:7668: $? = 0
configure:7679: result: yes
configure:7692: checking for sys/types.h
configure:7692: gcc -c -g -O2  conftest.c >&5
configure:7692: $? = 0
configure:7692: result: yes
configure:7692: checking for sys/stat.h
configure:7692: gcc -c -g -O2  conftest.c >&5
configure:7692: $? = 0
configure:7692: result: yes
configure:7692: checking for stdlib.h
configure:7692: gcc -c -g -O2  conftest.c >&5
configure:7692: $? = 0
configure:7692: result: yes
configure:7692: checking for string.h
configure:7692: gcc -c -g -O2  conftest.c >&5
configure:7692: $? = 0
configure:7692: result: yes
configure:7692: checking for memory.h
configure:7692: gcc -c -g -O2  conftest.c >&5
configure:7692: $? = 0
configure:7692: result: yes
configure:7692: checking for strings.h
configure:7692: gcc -c -g -O2  conftest.c >&5
configure:7692: $? = 0
configure:7692: result: yes
configure:7692: checking for inttypes.h
configure:7692: gcc -c -g -O2  conftest.c >&5
configure:7692: $? = 0
configure:7692: result: yes
configure:7692: checking for stdint.h
configure:7692: gcc -c -g -O2  conftest.c >&5
configure:7692: $? = 0
configure:7692: result: yes
configure:7692: checking for unistd.h
configure:7692: gcc -c -g -O2  conftest.c >&5
configure:7692: $? = 0
configure:7692: result: yes
configure:7706: checking for dlfcn.h
configure:7706: gcc -c -g -O2  conftest.c >&5
configure:7706: $? = 0
configure:7706: result: yes
configure:7923: checking for objdir
configure:7938: result: .libs
configure:8209: checking if gcc supports -fno-rtti -fno-exceptions
configure:8227: gcc -c -g -O2  -fno-rtti -fno-exceptions conftest.c >&5
cc1: warning: command line option '-fno-rtti' is valid for C++/ObjC++ but not for C [enabled by default]
configure:8231: $? = 0
configure:8244: result: no
configure:8571: checking for gcc option to produce PIC
configure:8578: result: -fPIC -DPIC
configure:8586: checking if gcc PIC flag -fPIC -DPIC works
configure:8604: gcc -c -g -O2  -fPIC -DPIC -DPIC conftest.c >&5
configure:8608: $? = 0
configure:8621: result: yes
configure:8650: checking if gcc static flag -static works
configure:8678: result: yes
configure:8693: checking if gcc supports -c -o file.o
configure:8714: gcc -c -g -O2  -o out/conftest2.o conftest.c >&5
configure:8718: $? = 0
configure:8740: result: yes
configure:8748: checking if gcc supports -c -o file.o
configure:8795: result: yes
configure:8828: checking whether the gcc linker (/usr/bin/ld -m elf_x86_64) supports shared libraries
configure:9985: result: yes
configure:10022: checking whether -lc should be explicitly linked in
configure:10030: gcc -c -g -O2  conftest.c >&5
configure:10033: $? = 0
configure:10048: gcc -shared  -fPIC -DPIC conftest.o  -v -Wl,-soname -Wl,conftest -o conftest 2\>\&1 \| /bin/grep  -lc  \>/dev/null 2\>\&1
configure:10051: $? = 0
configure:10065: result: no
configure:10225: checking dynamic linker characteristics
configure:10725: gcc -o conftest -g -O2   -Wl,-rpath -Wl,/foo conftest.c  >&5
configure:10725: $? = 0
configure:10959: result: GNU/Linux ld.so
configure:11066: checking how to hardcode library paths into programs
configure:11091: result: immediate
configure:11631: checking whether stripping libraries is possible
configure:11636: result: yes
configure:11671: checking if libtool supports shared libraries
configure:11673: result: yes
configure:11676: checking whether to build shared libraries
configure:11697: result: yes
configure:11700: checking whether to build static libraries
configure:11704: result: yes
configure:11727: checking how to run the C++ preprocessor
configure:11754: g++ -E  conftest.cpp
configure:11754: $? = 0
configure:11768: g++ -E  conftest.cpp
conftest.cpp:23:28: fatal error: ac_nonexistent.h: No such file or directory
compilation terminated.
configure:11768: $? = 1
configure: failed program was:
| /* confdefs.h */
| #define PACKAGE_NAME "libtclplus"
| #define PACKAGE_TARNAME "libtclplus"
| #define PACKAGE_VERSION "1.2-006"
| #define PACKAGE_STRING "libtclplus 1.2-006"
| #define PACKAGE_BUGREPORT "fox@nscl.msu.edu"
| #define PACKAGE_URL ""
| #define PACKAGE "libtclplus"
| #define VERSION "1.2-006"
| #define STDC_HEADERS 1
| #define HAVE_SYS_TYPES_H 1
| #define HAVE_SYS_STAT_H 1
| #define HAVE_STDLIB_H 1
| #define HAVE_STRING_H 1
| #define HAVE_MEMORY_H 1
| #define HAVE_STRINGS_H 1
| #define HAVE_INTTYPES_H 1
| #define HAVE_STDINT_H 1
| #define HAVE_UNISTD_H 1
| #define HAVE_DLFCN_H 1
| #define LT_OBJDIR ".libs/"
| /* end confdefs.h.  */
| #include <ac_nonexistent.h>
configure:11793: result: g++ -E
configure:11813: g++ -E  conftest.cpp
configure:11813: $? = 0
configure:11827: g++ -E  conftest.cpp
conftest.cpp:23:28: fatal error: ac_nonexistent.h: No such file or directory
compilation terminated.
configure:11827: $? = 1
configure: failed program was:
| /* confdefs.h */
| #define PACKAGE_NAME "libtclplus"
| #define PACKAGE_TARNAME "libtclplus"
| #define PACKAGE_VERSION "1.2-006"
| #define PACKAGE_STRING "libtclplus 1.2-006"
| #define PACKAGE_BUGREPORT "fox@nscl.msu.edu"
| #define PACKAGE_URL ""
| #define PACKAGE "libtclplus"
| #define VERSION "1.2-006"
| #define STDC_HEADERS 1
| #define HAVE_SYS_TYPES_H 1
| #define HAVE_SYS_STAT_H 1
| #define HAVE_STDLIB_H 1
| #define HAVE_STRING_H 1
| #define HAVE_MEMORY_H 1
| #define HAVE_STRINGS_H 1
| #define HAVE_INTTYPES_H 1
| #define HAVE_STDINT_H 1
| #define HAVE_UNISTD_H 1
| #define HAVE_DLFCN_H 1
| #define LT_OBJDIR ".libs/"
| /* end confdefs.h.  */
| #include <ac_nonexistent.h>
configure:11996: checking for ld used by g++
configure:12063: result: /usr/bin/ld -m elf_x86_64
configure:12070: checking if the linker (/usr/bin/ld -m elf_x86_64) is GNU ld
configure:12085: result: yes
configure:12140: checking whether the g++ linker (/usr/bin/ld -m elf_x86_64) supports shared libraries
configure:13142: result: yes
configure:13178: g++ -c -g -O2  conftest.cpp >&5
configure:13181: $? = 0
configure:13701: checking for g++ option to produce PIC
configure:13708: result: -fPIC -DPIC
configure:13716: checking if g++ PIC flag -fPIC -DPIC works
configure:13734: g++ -c -g -O2  -fPIC -DPIC -DPIC conftest.cpp >&5
configure:13738: $? = 0
configure:13751: result: yes
configure:13774: checking if g++ static flag -static works
configure:13802: result: yes
configure:13814: checking if g++ supports -c -o file.o
configure:13835: g++ -c -g -O2  -o out/conftest2.o conftest.cpp >&5
configure:13839: $? = 0
configure:13861: result: yes
configure:13866: checking if g++ supports -c -o file.o
configure:13913: result: yes
configure:13943: checking whether the g++ linker (/usr/bin/ld -m elf_x86_64) supports shared libraries
configure:13982: result: yes
configure:14123: checking dynamic linker characteristics
configure:14791: result: GNU/Linux ld.so
configure:14844: checking how to hardcode library paths into programs
configure:14869: result: immediate
configure:14939: checking for ANSI C header files
configure:15043: result: yes
configure:15093: checking for cppunit-config
configure:15111: found /usr/bin/cppunit-config
configure:15124: result: /usr/bin/cppunit-config
configure:15134: checking for Cppunit - version >= 
configure:15180: result: 1.12.1
configure:15259: checking for tclsh8.6
configure:15292: result: no
configure:15259: checking for tclsh8.5
configure:15277: found /usr/bin/tclsh8.5
configure:15289: result: /usr/bin/tclsh8.5
configure:15305: checking where Tcl says it lives
configure:15311: checking /usr/share/tcltk/tcl8.5
configure:15320: checking /usr/lib/tcl8.5
configure:15328: result: /usr/lib/tcl8.5
configure:15340: checking for tclConfig.sh
configure:15359: result: /usr/lib/tcl8.5/
configure:15364: checking Tcl configuration on what Tcl needs to compile
configure:15367: result: ok
configure:15372: checking where Tcl includes are
configure:15387: result: -I/usr/include/tcl8.5
configure:15583: checking for the pthreads library -lpthreads
configure:15621: gcc -o conftest -g -O2    conftest.c -lpthreads  >&5
/usr/bin/ld: cannot find -lpthreads
collect2: error: ld returned 1 exit status
configure:15621: $? = 1
configure: failed program was:
| /* confdefs.h */
| #define PACKAGE_NAME "libtclplus"
| #define PACKAGE_TARNAME "libtclplus"
| #define PACKAGE_VERSION "1.2-006"
| #define PACKAGE_STRING "libtclplus 1.2-006"
| #define PACKAGE_BUGREPORT "fox@nscl.msu.edu"
| #define PACKAGE_URL ""
| #define PACKAGE "libtclplus"
| #define VERSION "1.2-006"
| #define STDC_HEADERS 1
| #define HAVE_SYS_TYPES_H 1
| #define HAVE_SYS_STAT_H 1
| #define HAVE_STDLIB_H 1
| #define HAVE_STRING_H 1
| #define HAVE_MEMORY_H 1
| #define HAVE_STRINGS_H 1
| #define HAVE_INTTYPES_H 1
| #define HAVE_STDINT_H 1
| #define HAVE_UNISTD_H 1
| #define HAVE_DLFCN_H 1
| #define LT_OBJDIR ".libs/"
| #define STDC_HEADERS 1
| /* end confdefs.h.  */
| #include <pthread.h>
|                         static void routine(void *a) { a = 0; }
|                         static void *start_routine(void *a) { return a; }
| int
| main ()
| {
| pthread_t th; pthread_attr_t attr;
|                         pthread_create(&th, 0, start_routine, 0);
|                         pthread_join(th, 0);
|                         pthread_attr_init(&attr);
|                         pthread_cleanup_push(routine, 0);
|                         pthread_cleanup_pop(0) /* ; */
|   ;
|   return 0;
| }
configure:15630: result: no
configure:15528: checking whether pthreads work without any flags
configure:15621: gcc -o conftest -g -O2    conftest.c   >&5
/tmp/cc0HrzEL.o: In function `main':
/scratch/fox/daq/nextgen/libtcl/conftest.c:31: undefined reference to `pthread_create'
/scratch/fox/daq/nextgen/libtcl/conftest.c:32: undefined reference to `pthread_join'
/scratch/fox/daq/nextgen/libtcl/conftest.c:34: undefined reference to `__pthread_register_cancel'
/scratch/fox/daq/nextgen/libtcl/conftest.c:35: undefined reference to `__pthread_unregister_cancel'
collect2: error: ld returned 1 exit status
configure:15621: $? = 1
configure: failed program was:
| /* confdefs.h */
| #define PACKAGE_NAME "libtclplus"
| #define PACKAGE_TARNAME "libtclplus"
| #define PACKAGE_VERSION "1.2-006"
| #define PACKAGE_STRING "libtclplus 1.2-006"
| #define PACKAGE_BUGREPORT "fox@nscl.msu.edu"
| #define PACKAGE_URL ""
| #define PACKAGE "libtclplus"
| #define VERSION "1.2-006"
| #define STDC_HEADERS 1
| #define HAVE_SYS_TYPES_H 1
| #define HAVE_SYS_STAT_H 1
| #define HAVE_STDLIB_H 1
| #define HAVE_STRING_H 1
| #define HAVE_MEMORY_H 1
| #define HAVE_STRINGS_H 1
| #define HAVE_INTTYPES_H 1
| #define HAVE_STDINT_H 1
| #define HAVE_UNISTD_H 1
| #define HAVE_DLFCN_H 1
| #define LT_OBJDIR ".libs/"
| #define STDC_HEADERS 1
| /* end confdefs.h.  */
| #include <pthread.h>
|                         static void routine(void *a) { a = 0; }
|                         static void *start_routine(void *a) { return a; }
| int
| main ()
| {
| pthread_t th; pthread_attr_t attr;
|                         pthread_create(&th, 0, start_routine, 0);
|                         pthread_join(th, 0);
|                         pthread_attr_init(&attr);
|                         pthread_cleanup_push(routine, 0);
|                         pthread_cleanup_pop(0) /* ; */
|   ;
|   return 0;
| }
configure:15630: result: no
configure:15533: checking whether pthreads work with -Kthread
configure:15621: gcc -o conftest -g -O2 -Kthread   conftest.c   >&5
gcc: error: unrecognized command line option '-Kthread'
configure:15621: $? = 1
configure: failed program was:
| /* confdefs.h */
| #define PACKAGE_NAME "libtclplus"
| #define PACKAGE_TARNAME "libtclplus"
| #define PACKAGE_VERSION "1.2-006"
| #define PACKAGE_STRING "libtclplus 1.2-006"
| #define PACKAGE_BUGREPORT "fox@nscl.msu.edu"
| #define PACKAGE_URL ""
| #define PACKAGE "libtclplus"
| #define VERSION "1.2-006"
| #define STDC_HEADERS 1
| #define HAVE_SYS_TYPES_H 1
| #define HAVE_SYS_STAT_H 1
| #define HAVE_STDLIB_H 1
| #define HAVE_STRING_H 1
| #define HAVE_MEMORY_H 1
| #define HAVE_STRINGS_H 1
| #define HAVE_INTTYPES_H 1
| #define HAVE_STDINT_H 1
| #define HAVE_UNISTD_H 1
| #define HAVE_DLFCN_H 1
| #define LT_OBJDIR ".libs/"
| #define STDC_HEADERS 1
| /* end confdefs.h.  */
| #include <pthread.h>
|                         static void routine(void *a) { a = 0; }
|                         static void *start_routine(void *a) { return a; }
| int
| main ()
| {
| pthread_t th; pthread_attr_t attr;
|                         pthread_create(&th, 0, start_routine, 0);
|                         pthread_join(th, 0);
|                         pthread_attr_init(&attr);
|                         pthread_cleanup_push(routine, 0);
|                         pthread_cleanup_pop(0) /* ; */
|   ;
|   return 0;
| }
configure:15630: result: no
configure:15533: checking whether pthreads work with -kthread
configure:15621: gcc -o conftest -g -O2 -kthread   conftest.c   >&5
gcc: error: unrecognized command line option '-kthread'
configure:15621: $? = 1
configure: failed program was:
| /* confdefs.h */
| #define PACKAGE_NAME "libtclplus"
| #define PACKAGE_TARNAME "libtclplus"
| #define PACKAGE_VERSION "1.2-006"
| #define PACKAGE_STRING "libtclplus 1.2-006"
| #define PACKAGE_BUGREPORT "fox@nscl.msu.edu"
| #define PACKAGE_URL ""
| #define PACKAGE "libtclplus"
| #define VERSION "1.2-006"
| #define STDC_HEADERS 1
| #define HAVE_SYS_TYPES_H 1
| #define HAVE_SYS_STAT_H 1
| #define HAVE_STDLIB_H 1
| #define HAVE_STRING_H 1
| #define HAVE_MEMORY_H 1
| #define HAVE_STRINGS_H 1
| #define HAVE_INTTYPES_H 1
| #define HAVE_STDINT_H 1
| #define HAVE_UNISTD_H 1
| #define HAVE_DLFCN_H 1
| #define LT_OBJDIR ".libs/"
| #define STDC_HEADERS 1
| /* end confdefs.h.  */
| #include <pthread.h>
|                         static void routine(void *a) { a = 0; }
|                         static void *start_routine(void *a) { return a; }
| int
| main ()
| {
| pthread_t th; pthread_attr_t attr;
|                         pthread_create(&th, 0, start_routine, 0);
|                         pthread_join(th, 0);
|                         pthread_attr_init(&attr);
|                         pthread_cleanup_push(routine, 0);
|                         pthread_cleanup_pop(0) /* ; */
|   ;
|   return 0;
| }
configure:15630: result: no
configure:15583: checking for the pthreads library -llthread
configure:15621: gcc -o conftest -g -O2    conftest.c -llthread  >&5
/usr/bin/ld: cannot find -llthread
collect2: error: ld returned 1 exit status
configure:15621: $? = 1
configure: failed program was:
| /* confdefs.h */
| #define PACKAGE_NAME "libtclplus"
| #define PACKAGE_TARNAME "libtclplus"
| #define PACKAGE_VERSION "1.2-006"
| #define PACKAGE_STRING "libtclplus 1.2-006"
| #define PACKAGE_BUGREPORT "fox@nscl.msu.edu"
| #define PACKAGE_URL ""
| #define PACKAGE "libtclplus"
| #define VERSION "1.2-006"
| #define STDC_HEADERS 1
| #define HAVE_SYS_TYPES_H 1
| #define HAVE_SYS_STAT_H 1
| #define HAVE_STDLIB_H 1
| #define HAVE_STRING_H 1
| #define HAVE_MEMORY_H 1
| #define HAVE_STRINGS_H 1
| #define HAVE_INTTYPES_H 1
| #define HAVE_STDINT_H 1
| #define HAVE_UNISTD_H 1
| #define HAVE_DLFCN_H 1
| #define LT_OBJDIR ".libs/"
| #define STDC_HEADERS 1
| /* end confdefs.h.  */
| #include <pthread.h>
|                         static void routine(void *a) { a = 0; }
|                         static void *start_routine(void *a) { return a; }
| int
| main ()
| {
| pthread_t th; pthread_attr_t attr;
|                         pthread_create(&th, 0, start_routine, 0);
|                         pthread_join(th, 0);
|                         pthread_attr_init(&attr);
|                         pthread_cleanup_push(routine, 0);
|                         pthread_cleanup_pop(0) /* ; */
|   ;
|   return 0;
| }
configure:15630: result: no
configure:15533: checking whether pthreads work with -pthread
configure:15621: gcc -o conftest -g -O2 -pthread   conftest.c   >&5
configure:15621: $? = 0
configure:15630: result: yes
configure:15649: checking for joinable pthread attribute
configure:15664: gcc -o conftest -g -O2 -pthread   conftest.c   >&5
configure:15664: $? = 0
configure:15670: result: PTHREAD_CREATE_JOINABLE
configure:15680: checking if more special flags are required for pthreads
configure:15694: result: no
configure:15700: checking for PTHREAD_PRIO_INHERIT
configure:15718: gcc -o conftest -g -O2 -pthread   conftest.c   >&5
conftest.c: In function 'main':
conftest.c:29:9: error: 'PTHREAD_PRIO_INHERIT' undeclared (first use in this function)
conftest.c:29:9: note: each undeclared identifier is reported only once for each function it appears in
configure:15718: $? = 1
configure: failed program was:
| /* confdefs.h */
| #define PACKAGE_NAME "libtclplus"
| #define PACKAGE_TARNAME "libtclplus"
| #define PACKAGE_VERSION "1.2-006"
| #define PACKAGE_STRING "libtclplus 1.2-006"
| #define PACKAGE_BUGREPORT "fox@nscl.msu.edu"
| #define PACKAGE_URL ""
| #define PACKAGE "libtclplus"
| #define VERSION "1.2-006"
| #define STDC_HEADERS 1
| #define HAVE_SYS_TYPES_H 1
| #define HAVE_SYS_STAT_H 1
| #define HAVE_STDLIB_H 1
| #define HAVE_STRING_H 1
| #define HAVE_MEMORY_H 1
| #define HAVE_STRINGS_H 1
| #define HAVE_INTTYPES_H 1
| #define HAVE_STDINT_H 1
| #define HAVE_UNISTD_H 1
| #define HAVE_DLFCN_H 1
| #define LT_OBJDIR ".libs/"
| #define STDC_HEADERS 1
| /* end confdefs.h.  */
| 
|                     #include <pthread.h>
| int
| main ()
| {
| int i = PTHREAD_PRIO_INHERIT;
|   ;
|   return 0;
| }
configure:15727: result: no
configure:15967: creating ./config.status

## ---------------------- ##
## Running config.status. ##
## ---------------------- ##

This file was extended by libtclplus config.status 1.2-006, which was
generated by GNU Autoconf 2.69.  Invocation command line was

  CONFIG_FILES    = 
  CONFIG_HEADERS  = 
  CONFIG_LINKS    = 
  CONFIG_COMMANDS = 
  $ ./config.status 

on charlie

config.status:1165: creating Makefile
config.status:1165: creating exception/Makefile
config.status:1165: creating tclplus/Makefile
config.status:1165: creating config.h
config.status:1346: config.h is unchanged
config.status:1394: executing depfiles commands
config.status:1394: executing libtool commands

## ---------------- ##
## Cache variables. ##
## ---------------- ##

ac_cv_build=x86_64-unknown-linux-gnu
ac_cv_c_compiler_gnu=yes
ac_cv_cxx_compiler_gnu=yes
ac_cv_env_CCC_set=
ac_cv_env_CCC_value=
ac_cv_env_CC_set=
ac_cv_env_CC_value=
ac_cv_env_CFLAGS_set=
ac_cv_env_CFLAGS_value=
ac_cv_env_CPPFLAGS_set=
ac_cv_env_CPPFLAGS_value=
ac_cv_env_CPP_set=
ac_cv_env_CPP_value=
ac_cv_env_CXXCPP_set=
ac_cv_env_CXXCPP_value=
ac_cv_env_CXXFLAGS_set=
ac_cv_env_CXXFLAGS_value=
ac_cv_env_CXX_set=
ac_cv_env_CXX_value=
ac_cv_env_LDFLAGS_set=
ac_cv_env_LDFLAGS_value=
ac_cv_env_LIBS_set=
ac_cv_env_LIBS_value=
ac_cv_env_build_alias_set=
ac_cv_env_build_alias_value=
ac_cv_env_host_alias_set=
ac_cv_env_host_alias_value=
ac_cv_env_target_alias_set=
ac_cv_env_target_alias_value=
ac_cv_header_dlfcn_h=yes
ac_cv_header_inttypes_h=yes
ac_cv_header_memory_h=yes
ac_cv_header_stdc=yes
ac_cv_header_stdint_h=yes
ac_cv_header_stdlib_h=yes
ac_cv_header_string_h=yes
ac_cv_header_strings_h=yes
ac_cv_header_sys_stat_h=yes
ac_cv_header_sys_types_h=yes
ac_cv_header_unistd_h=yes
ac_cv_host=x86_64-unknown-linux-gnu
ac_cv_objext=o
ac_cv_path_CPPUNIT_CONFIG=/usr/bin/cppunit-config
ac_cv_path_EGREP='/bin/grep -E'
ac_cv_path_FGREP='/bin/grep -F'
ac_cv_path_GREP=/bin/grep
ac_cv_path_SED=/bin/sed
ac_cv_path_TCLSH=/usr/bin/tclsh8.5
ac_cv_path_install='/usr/bin/install -c'
ac_cv_path_mkdir=/bin/mkdir
ac_cv_prog_AWK=gawk
ac_cv_prog_CPP='gcc -E'
ac_cv_prog_CXXCPP='g++ -E'
ac_cv_prog_ac_ct_AR=ar
ac_cv_prog_ac_ct_CC=gcc
ac_cv_prog_ac_ct_CXX=g++
ac_cv_prog_ac_ct_MANIFEST_TOOL=mt
ac_cv_prog_ac_ct_OBJDUMP=objdump
ac_cv_prog_ac_ct_RANLIB=ranlib
ac_cv_prog_ac_ct_STRIP=strip
ac_cv_prog_cc_c89=
ac_cv_prog_cc_g=yes
ac_cv_prog_cxx_g=yes
ac_cv_prog_make_make_set=yes
am_cv_CC_dependencies_compiler_type=gcc3
am_cv_CXX_dependencies_compiler_type=gcc3
ax_cv_PTHREAD_PRIO_INHERIT=no
lt_cv_ar_at_file=@
lt_cv_archive_cmds_need_lc=no
lt_cv_deplibs_check_method=pass_all
lt_cv_file_magic_cmd='$MAGIC_CMD'
lt_cv_file_magic_test_file=
lt_cv_ld_reload_flag=-r
lt_cv_nm_interface='BSD nm'
lt_cv_objdir=.libs
lt_cv_path_LD=/usr/bin/ld
lt_cv_path_LDCXX='/usr/bin/ld -m elf_x86_64'
lt_cv_path_NM='/usr/bin/nm -B'
lt_cv_path_mainfest_tool=no
lt_cv_prog_compiler_c_o=yes
lt_cv_prog_compiler_c_o_CXX=yes
lt_cv_prog_compiler_pic='-fPIC -DPIC'
lt_cv_prog_compiler_pic_CXX='-fPIC -DPIC'
lt_cv_prog_compiler_pic_works=yes
lt_cv_prog_compiler_pic_works_CXX=yes
lt_cv_prog_compiler_rtti_exceptions=no
lt_cv_prog_compiler_static_works=yes
lt_cv_prog_compiler_static_works_CXX=yes
lt_cv_prog_gnu_ld=yes
lt_cv_prog_gnu_ldcxx=yes
lt_cv_sharedlib_from_linklib_cmd='printf %s\n'
lt_cv_shlibpath_overrides_runpath=no
lt_cv_sys_global_symbol_pipe='sed -n -e '\''s/^.*[	 ]\([ABCDGIRSTW][ABCDGIRSTW]*\)[	 ][	 ]*\([_A-Za-z][_A-Za-z0-9]*\)$/\1 \2 \2/p'\'' | sed '\''/ __gnu_lto/d'\'''
lt_cv_sys_global_symbol_to_c_name_address='sed -n -e '\''s/^: \([^ ]*\)[ ]*$/  {\"\1\", (void *) 0},/p'\'' -e '\''s/^[ABCDGIRSTW]* \([^ ]*\) \([^ ]*\)$/  {"\2", (void *) \&\2},/p'\'''
lt_cv_sys_global_symbol_to_c_name_address_lib_prefix='sed -n -e '\''s/^: \([^ ]*\)[ ]*$/  {\"\1\", (void *) 0},/p'\'' -e '\''s/^[ABCDGIRSTW]* \([^ ]*\) \(lib[^ ]*\)$/  {"\2", (void *) \&\2},/p'\'' -e '\''s/^[ABCDGIRSTW]* \([^ ]*\) \([^ ]*\)$/  {"lib\2", (void *) \&\2},/p'\'''
lt_cv_sys_global_symbol_to_cdecl='sed -n -e '\''s/^T .* \(.*\)$/extern int \1();/p'\'' -e '\''s/^[ABCDGIRSTW]* .* \(.*\)$/extern char \1;/p'\'''
lt_cv_sys_max_cmd_len=1572864
lt_cv_to_host_file_cmd=func_convert_file_noop
lt_cv_to_tool_file_cmd=func_convert_file_noop

## ----------------- ##
## Output variables. ##
## ----------------- ##

ACLOCAL='${SHELL} /scratch/fox/daq/nextgen/missing --run aclocal-1.11'
AMDEPBACKSLASH='\'
AMDEP_FALSE='#'
AMDEP_TRUE=''
AMTAR='$${TAR-tar}'
AR='ar'
AUTOCONF='${SHELL} /scratch/fox/daq/nextgen/missing --run autoconf'
AUTOHEADER='${SHELL} /scratch/fox/daq/nextgen/missing --run autoheader'
AUTOMAKE='${SHELL} /scratch/fox/daq/nextgen/missing --run automake-1.11'
AWK='gawk'
CC='gcc'
CCDEPMODE='depmode=gcc3'
CFLAGS='-g -O2'
CPP='gcc -E'
CPPFLAGS=''
CPPUNIT_CFLAGS=''
CPPUNIT_CONFIG='/usr/bin/cppunit-config'
CPPUNIT_LIBS='-lcppunit -ldl'
CXX='g++'
CXXCPP='g++ -E'
CXXDEPMODE='depmode=gcc3'
CXXFLAGS='-g -O2'
CYGPATH_W='echo'
DEFS='-DHAVE_CONFIG_H'
DEPDIR='.deps'
DLLTOOL='false'
DSYMUTIL=''
DUMPBIN=''
ECHO_C=''
ECHO_N='-n'
ECHO_T=''
EGREP='/bin/grep -E'
EXEEXT=''
FGREP='/bin/grep -F'
GREP='/bin/grep'
INSTALL_DATA='${INSTALL} -m 644'
INSTALL_PROGRAM='${INSTALL}'
INSTALL_SCRIPT='${INSTALL}'
INSTALL_STRIP_PROGRAM='$(install_sh) -c -s'
LD='/usr/bin/ld -m elf_x86_64'
LDFLAGS=''
LIBOBJS=''
LIBS=''
LIBTOOL='$(SHELL) $(top_builddir)/libtool'
LIBTOOL_DEPS='./../ltmain.sh'
LIPO=''
LN_S='ln -s'
LTLIBOBJS=''
MAKEINFO='${SHELL} /scratch/fox/daq/nextgen/missing --run makeinfo'
MANIFEST_TOOL=':'
MKDIR_P='/bin/mkdir -p'
NM='/usr/bin/nm -B'
NMEDIT=''
OBJDUMP='objdump'
OBJEXT='o'
OTOOL64=''
OTOOL=''
PACKAGE='libtclplus'
PACKAGE_BUGREPORT='fox@nscl.msu.edu'
PACKAGE_NAME='libtclplus'
PACKAGE_STRING='libtclplus 1.2-006'
PACKAGE_TARNAME='libtclplus'
PACKAGE_URL=''
PACKAGE_VERSION='1.2-006'
PATH_SEPARATOR=':'
PTHREAD_CC='gcc'
PTHREAD_CFLAGS='-pthread'
PTHREAD_LIBS=''
RANLIB='ranlib'
SED='/bin/sed'
SET_MAKE=''
SHELL='/bin/sh'
SOVERSION='1:0:0'
STRIP='strip'
TCLSH='/usr/bin/tclsh8.5'
TCL_CPPFLAGS='-I/usr/include/tcl8.5'
TCL_DEFS='-DPACKAGE_NAME=\"tcl\" -DPACKAGE_TARNAME=\"tcl\" -DPACKAGE_VERSION=\"8.5\" -DPACKAGE_STRING=\"tcl\ 8.5\" -DPACKAGE_BUGREPORT=\"\" -DSTDC_HEADERS=1 -DHAVE_SYS_TYPES_H=1 -DHAVE_SYS_STAT_H=1 -DHAVE_STDLIB_H=1 -DHAVE_STRING_H=1 -DHAVE_MEMORY_H=1 -DHAVE_STRINGS_H=1 -DHAVE_INTTYPES_H=1 -DHAVE_STDINT_H=1 -DHAVE_UNISTD_H=1 -DHAVE_LIMITS_H=1 -DHAVE_SYS_PARAM_H=1 -DUSE_THREAD_ALLOC=1 -D_REENTRANT=1 -D_THREAD_SAFE=1 -DHAVE_PTHREAD_ATTR_SETSTACKSIZE=1 -DHAVE_PTHREAD_GETATTR_NP=1 -DGETATTRNP_NOT_DECLARED=1 -DTCL_THREADS=1 -DTCL_CFGVAL_ENCODING=\"iso8859-1\" -DMODULE_SCOPE=extern\ __attribute__\(\(__visibility__\(\"hidden\"\)\)\) -DTCL_SHLIB_EXT=\".so\" -DTCL_CFG_OPTIMIZED=1 -DTCL_CFG_DEBUG=1 -DTCL_TOMMATH=1 -DMP_PREC=4 -D_LARGEFILE64_SOURCE=1 -DTCL_WIDE_INT_IS_LONG=1 -DHAVE_GETCWD=1 -DHAVE_OPENDIR=1 -DHAVE_STRTOL=1 -DHAVE_WAITPID=1 -DHAVE_GETADDRINFO=1 -DHAVE_GETPWUID_R_5=1 -DHAVE_GETPWUID_R=1 -DHAVE_GETPWNAM_R_5=1 -DHAVE_GETPWNAM_R=1 -DHAVE_GETGRGID_R_5=1 -DHAVE_GETGRGID_R=1 -DHAVE_GETGRNAM_R_5=1 -DHAVE_GETGRNAM_R=1 -DHAVE_GETHOSTBYNAME_R_6=1 -DHAVE_GETHOSTBYNAME_R=1 -DHAVE_GETHOSTBYADDR_R_8=1 -DHAVE_GETHOSTBYADDR_R=1 -DUSE_TERMIOS=1 -DHAVE_SYS_TIME_H=1 -DTIME_WITH_SYS_TIME=1 -DHAVE_GMTIME_R=1 -DHAVE_LOCALTIME_R=1 -DHAVE_MKTIME=1 -DHAVE_TM_GMTOFF=1 -DHAVE_TIMEZONE_VAR=1 -DHAVE_STRUCT_STAT_ST_BLOCKS=1 -DHAVE_STRUCT_STAT_ST_BLKSIZE=1 -DHAVE_BLKCNT_T=1 -DHAVE_INTPTR_T=1 -DHAVE_UINTPTR_T=1 -DHAVE_SIGNED_CHAR=1 -DHAVE_LANGINFO=1 -DHAVE_SYS_IOCTL_H=1 -DTCL_UNLOAD_DLLS=1 '
TCL_LIBS=' -L/usr/lib -ltcl8.5 -ldl  -lpthread -lieee -lm'
VERSION='1.2-006'
ac_ct_AR='ar'
ac_ct_CC='gcc'
ac_ct_CXX='g++'
ac_ct_DUMPBIN=''
am__EXEEXT_FALSE=''
am__EXEEXT_TRUE='#'
am__fastdepCC_FALSE='#'
am__fastdepCC_TRUE=''
am__fastdepCXX_FALSE='#'
am__fastdepCXX_TRUE=''
am__include='include'
am__isrc=''
am__leading_dot='.'
am__nodep='_no'
am__quote=''
am__tar='$${TAR-tar} chof - "$$tardir"'
am__untar='$${TAR-tar} xf -'
ax_pthread_config=''
bindir='${exec_prefix}/bin'
build='x86_64-unknown-linux-gnu'
build_alias=''
build_cpu='x86_64'
build_os='linux-gnu'
build_vendor='unknown'
datadir='${datarootdir}'
datarootdir='${prefix}/share'
docdir='${datarootdir}/doc/${PACKAGE_TARNAME}'
dvidir='${docdir}'
exec_prefix='${prefix}'
host='x86_64-unknown-linux-gnu'
host_alias=''
host_cpu='x86_64'
host_os='linux-gnu'
host_vendor='unknown'
htmldir='${docdir}'
includedir='${prefix}/include'
infodir='${datarootdir}/info'
install_sh='${SHELL} /scratch/fox/daq/nextgen/install-sh'
libdir='${exec_prefix}/lib'
libexecdir='${exec_prefix}/libexec'
localedir='${datarootdir}/locale'
localstatedir='${prefix}/var'
mandir='${datarootdir}/man'
mkdir_p='/bin/mkdir -p'
oldincludedir='/usr/include'
pdfdir='${docdir}'
prefix='/usr/opt/nscldaq/10.2-108'
program_transform_name='s,x,x,'
psdir='${docdir}'
sbindir='${exec_prefix}/sbin'
sharedstatedir='${prefix}/com'
sysconfdir='${prefix}/etc'
target_alias=''

## ----------- ##
## confdefs.h. ##
## ----------- ##

/* confdefs.h */
#define PACKAGE_NAME "libtclplus"
#define PACKAGE_TARNAME "libtclplus"
#define PACKAGE_VERSION "1.2-006"
#define PACKAGE_STRING "libtclplus 1.2-006"
#define PACKAGE_BUGREPORT "fox@nscl.msu.edu"
#define PACKAGE_URL ""
#define PACKAGE "libtclplus"
#define VERSION "1.2-006"
#define STDC_HEADERS 1
#define HAVE_SYS_TYPES_H 1
#define HAVE_SYS_STAT_H 1
#define HAVE_STDLIB_H 1
#define HAVE_STRING_H 1
#define HAVE_MEMORY_H 1
#define HAVE_STRINGS_H 1
#define HAVE_INTTYPES_H 1
#define HAVE_STDINT_H 1
#define HAVE_UNISTD_H 1
#define HAVE_DLFCN_H 1
#define LT_OBJDIR ".libs/"
#define STDC_HEADERS 1
#define HAVE_PTHREAD 1

configure: exit 0
