This file contains any messages produced by compilers while
running configure, to aid debugging if configure makes a mistake.

It was created by xerawdp configure 0.3.3_alpha04, which was
generated by GNU Autoconf 2.69.  Invocation command line was

  $ ./configure --enable-hpge PKG_CONFIG_PATH=/usr/local/lib/pkgconfig --no-create --no-recursion

## --------- ##
## Platform. ##
## --------- ##

hostname = archive
uname -m = x86_64
uname -r = 3.16.0-43-generic
uname -s = Linux
uname -v = #58~14.04.1-Ubuntu SMP Mon Jun 22 10:21:20 UTC 2015

/usr/bin/uname -p = unknown
/bin/uname -X     = unknown

/bin/arch              = unknown
/usr/bin/arch -k       = unknown
/usr/convex/getsysinfo = unknown
/usr/bin/hostinfo      = unknown
/bin/machine           = unknown
/usr/bin/oslevel       = unknown
/bin/universe          = unknown

PATH: /usr/local/sbin
PATH: /usr/local/bin
PATH: /usr/sbin
PATH: /usr/bin
PATH: /sbin
PATH: /bin
PATH: /usr/games
PATH: /usr/local/games


## ----------- ##
## Core tests. ##
## ----------- ##

configure:2369: checking for a BSD-compatible install
configure:2437: result: /usr/bin/install -c
configure:2448: checking whether build environment is sane
configure:2485: result: yes
configure:2612: checking for a thread-safe mkdir -p
configure:2651: result: /bin/mkdir -p
configure:2664: checking for gawk
configure:2694: result: no
configure:2664: checking for mawk
configure:2680: found /usr/bin/mawk
configure:2691: result: mawk
configure:2702: checking whether make sets $(MAKE)
configure:2724: result: yes
configure:2864: checking for g++
configure:2880: found /usr/bin/g++
configure:2891: result: g++
configure:2918: checking for C++ compiler version
configure:2927: g++ --version >&5
g++ (Ubuntu 4.8.4-2ubuntu1~14.04) 4.8.4
Copyright (C) 2013 Free Software Foundation, Inc.
This is free software; see the source for copying conditions.  There is NO
warranty; not even for MERCHANTABILITY or FITNESS FOR A PARTICULAR PURPOSE.

configure:2938: $? = 0
configure:2927: g++ -v >&5
Using built-in specs.
COLLECT_GCC=g++
COLLECT_LTO_WRAPPER=/usr/lib/gcc/x86_64-linux-gnu/4.8/lto-wrapper
Target: x86_64-linux-gnu
Configured with: ../src/configure -v --with-pkgversion='Ubuntu 4.8.4-2ubuntu1~14.04' --with-bugurl=file:///usr/share/doc/gcc-4.8/README.Bugs --enable-languages=c,c++,java,go,d,fortran,objc,obj-c++ --prefix=/usr --program-suffix=-4.8 --enable-shared --enable-linker-build-id --libexecdir=/usr/lib --without-included-gettext --enable-threads=posix --with-gxx-include-dir=/usr/include/c++/4.8 --libdir=/usr/lib --enable-nls --with-sysroot=/ --enable-clocale=gnu --enable-libstdcxx-debug --enable-libstdcxx-time=yes --enable-gnu-unique-object --disable-libmudflap --enable-plugin --with-system-zlib --disable-browser-plugin --enable-java-awt=gtk --enable-gtk-cairo --with-java-home=/usr/lib/jvm/java-1.5.0-gcj-4.8-amd64/jre --enable-java-home --with-jvm-root-dir=/usr/lib/jvm/java-1.5.0-gcj-4.8-amd64 --with-jvm-jar-dir=/usr/lib/jvm-exports/java-1.5.0-gcj-4.8-amd64 --with-arch-directory=amd64 --with-ecj-jar=/usr/share/java/eclipse-ecj.jar --enable-objc-gc --enable-multiarch --disable-werror --with-arch-32=i686 --with-abi=m64 --with-multilib-list=m32,m64,mx32 --with-tune=generic --enable-checking=release --build=x86_64-linux-gnu --host=x86_64-linux-gnu --target=x86_64-linux-gnu
Thread model: posix
gcc version 4.8.4 (Ubuntu 4.8.4-2ubuntu1~14.04) 
configure:2938: $? = 0
configure:2927: g++ -V >&5
g++: error: unrecognized command line option '-V'
g++: fatal error: no input files
compilation terminated.
configure:2938: $? = 4
configure:2927: g++ -qversion >&5
g++: error: unrecognized command line option '-qversion'
g++: fatal error: no input files
compilation terminated.
configure:2938: $? = 4
configure:2958: checking whether the C++ compiler works
configure:2980: g++    conftest.cpp  >&5
configure:2984: $? = 0
configure:3032: result: yes
configure:3035: checking for C++ compiler default output file name
configure:3037: result: a.out
configure:3043: checking for suffix of executables
configure:3050: g++ -o conftest    conftest.cpp  >&5
configure:3054: $? = 0
configure:3076: result: 
configure:3098: checking whether we are cross compiling
configure:3106: g++ -o conftest    conftest.cpp  >&5
configure:3110: $? = 0
configure:3117: ./conftest
configure:3121: $? = 0
configure:3136: result: no
configure:3141: checking for suffix of object files
configure:3163: g++ -c   conftest.cpp >&5
configure:3167: $? = 0
configure:3188: result: o
configure:3192: checking whether we are using the GNU C++ compiler
configure:3211: g++ -c   conftest.cpp >&5
configure:3211: $? = 0
configure:3220: result: yes
configure:3229: checking whether g++ accepts -g
configure:3249: g++ -c -g  conftest.cpp >&5
configure:3249: $? = 0
configure:3290: result: yes
configure:3324: checking for style of include used by make
configure:3352: result: GNU
configure:3377: checking dependency style of g++
configure:3487: result: gcc3
configure:3502: checking whether ln -s works
configure:3506: result: yes
configure:3567: checking for pkg-config
configure:3585: found /usr/bin/pkg-config
configure:3597: result: /usr/bin/pkg-config
configure:3622: checking pkg-config is at least version 0.9.0
configure:3625: result: yes
configure:3663: checking for a Python interpreter with version >= 2.4
configure:3678: python -c import sys, string # split strings by '.' and convert to numeric. Append some zeros # because we need at least 4 digits for the hex conversion. minver = map(int, string.split('2.4', '.')) + [0, 0, 0] minverhex = 0 for i in xrange(0, 4): minverhex = (minverhex << 8) + minver[i] sys.exit(sys.hexversion < minverhex)
configure:3681: $? = 0
configure:3687: result: python
configure:3695: checking for python
configure:3713: found /usr/bin/python
configure:3725: result: /usr/bin/python
configure:3743: checking for python version
configure:3750: result: 2.7
configure:3762: checking for python platform
configure:3769: result: linux2
configure:3776: checking for python script directory
configure:3784: result: ${prefix}/lib/python2.7/site-packages
configure:3793: checking for python extension module directory
configure:3801: result: ${exec_prefix}/lib/python2.7/site-packages
configure:3864: checking for gcc
configure:3880: found /usr/bin/gcc
configure:3891: result: gcc
configure:4120: checking for C compiler version
configure:4129: gcc --version >&5
gcc (Ubuntu 4.8.4-2ubuntu1~14.04) 4.8.4
Copyright (C) 2013 Free Software Foundation, Inc.
This is free software; see the source for copying conditions.  There is NO
warranty; not even for MERCHANTABILITY or FITNESS FOR A PARTICULAR PURPOSE.

configure:4140: $? = 0
configure:4129: gcc -v >&5
Using built-in specs.
COLLECT_GCC=gcc
COLLECT_LTO_WRAPPER=/usr/lib/gcc/x86_64-linux-gnu/4.8/lto-wrapper
Target: x86_64-linux-gnu
Configured with: ../src/configure -v --with-pkgversion='Ubuntu 4.8.4-2ubuntu1~14.04' --with-bugurl=file:///usr/share/doc/gcc-4.8/README.Bugs --enable-languages=c,c++,java,go,d,fortran,objc,obj-c++ --prefix=/usr --program-suffix=-4.8 --enable-shared --enable-linker-build-id --libexecdir=/usr/lib --without-included-gettext --enable-threads=posix --with-gxx-include-dir=/usr/include/c++/4.8 --libdir=/usr/lib --enable-nls --with-sysroot=/ --enable-clocale=gnu --enable-libstdcxx-debug --enable-libstdcxx-time=yes --enable-gnu-unique-object --disable-libmudflap --enable-plugin --with-system-zlib --disable-browser-plugin --enable-java-awt=gtk --enable-gtk-cairo --with-java-home=/usr/lib/jvm/java-1.5.0-gcj-4.8-amd64/jre --enable-java-home --with-jvm-root-dir=/usr/lib/jvm/java-1.5.0-gcj-4.8-amd64 --with-jvm-jar-dir=/usr/lib/jvm-exports/java-1.5.0-gcj-4.8-amd64 --with-arch-directory=amd64 --with-ecj-jar=/usr/share/java/eclipse-ecj.jar --enable-objc-gc --enable-multiarch --disable-werror --with-arch-32=i686 --with-abi=m64 --with-multilib-list=m32,m64,mx32 --with-tune=generic --enable-checking=release --build=x86_64-linux-gnu --host=x86_64-linux-gnu --target=x86_64-linux-gnu
Thread model: posix
gcc version 4.8.4 (Ubuntu 4.8.4-2ubuntu1~14.04) 
configure:4140: $? = 0
configure:4129: gcc -V >&5
gcc: error: unrecognized command line option '-V'
gcc: fatal error: no input files
compilation terminated.
configure:4140: $? = 4
configure:4129: gcc -qversion >&5
gcc: error: unrecognized command line option '-qversion'
gcc: fatal error: no input files
compilation terminated.
configure:4140: $? = 4
configure:4144: checking whether we are using the GNU C compiler
configure:4163: gcc -c   conftest.c >&5
configure:4163: $? = 0
configure:4172: result: yes
configure:4181: checking whether gcc accepts -g
configure:4201: gcc -c -g  conftest.c >&5
configure:4201: $? = 0
configure:4242: result: yes
configure:4259: checking for gcc option to accept ISO C89
configure:4322: gcc  -c -g -O2  conftest.c >&5
configure:4322: $? = 0
configure:4335: result: none needed
configure:4357: checking dependency style of gcc
configure:4467: result: gcc3
configure:4483: checking for fftw_execute in -lfftw3
configure:4508: gcc -o conftest -g -O2   conftest.c -lfftw3   >&5
configure:4508: $? = 0
configure:4517: result: yes
configure:4530: checking for xdio_open_read in -lxdio
configure:4555: gcc -o conftest -g -O2   conftest.c -lxdio  -lfftw3  >&5
configure:4555: $? = 0
configure:4564: result: yes
configure:4577: checking for svm_load_model in -lsvm
configure:4602: gcc -o conftest -g -O2   conftest.c -lsvm  -lxdio -lfftw3  >&5
/usr/bin/ld: cannot find -lsvm
collect2: error: ld returned 1 exit status
configure:4602: $? = 1
configure: failed program was:
| /* confdefs.h */
| #define PACKAGE_NAME "xerawdp"
| #define PACKAGE_TARNAME "xerawdp"
| #define PACKAGE_VERSION "0.3.3_alpha04"
| #define PACKAGE_STRING "xerawdp 0.3.3_alpha04"
| #define PACKAGE_BUGREPORT "guillaume.plante@astro.columbia.edu"
| #define PACKAGE_URL ""
| #define PACKAGE "xerawdp"
| #define VERSION "0.3.3_alpha04"
| #define HAVE_LIBFFTW3 1
| #define HAVE_LIBXDIO 1
| /* end confdefs.h.  */
| 
| /* Override any GCC internal prototype to avoid an error.
|    Use char because int might match the return type of a GCC
|    builtin and then its argument prototype would still apply.  */
| #ifdef __cplusplus
| extern "C"
| #endif
| char svm_load_model ();
| int
| main ()
| {
| return svm_load_model ();
|   ;
|   return 0;
| }
configure:4611: result: no
configure:4622: checking for main in -lpmtpattern
configure:4641: gcc -o conftest -g -O2   conftest.c -lpmtpattern  -lxdio -lfftw3  >&5
/usr/bin/ld: cannot find -lpmtpattern
collect2: error: ld returned 1 exit status
configure:4641: $? = 1
configure: failed program was:
| /* confdefs.h */
| #define PACKAGE_NAME "xerawdp"
| #define PACKAGE_TARNAME "xerawdp"
| #define PACKAGE_VERSION "0.3.3_alpha04"
| #define PACKAGE_STRING "xerawdp 0.3.3_alpha04"
| #define PACKAGE_BUGREPORT "guillaume.plante@astro.columbia.edu"
| #define PACKAGE_URL ""
| #define PACKAGE "xerawdp"
| #define VERSION "0.3.3_alpha04"
| #define HAVE_LIBFFTW3 1
| #define HAVE_LIBXDIO 1
| /* end confdefs.h.  */
| 
| 
| int
| main ()
| {
| return main ();
|   ;
|   return 0;
| }
configure:4650: result: no
configure:4661: checking for nn_missing_9_12_39_58 in -lnn
configure:4686: gcc -o conftest -g -O2   conftest.c -lnn  -lxdio -lfftw3  >&5
configure:4686: $? = 0
configure:4695: result: yes
configure:4715: checking how to run the C preprocessor
configure:4746: gcc -E  conftest.c
configure:4746: $? = 0
configure:4760: gcc -E  conftest.c
conftest.c:14:28: fatal error: ac_nonexistent.h: No such file or directory
 #include <ac_nonexistent.h>
                            ^
compilation terminated.
configure:4760: $? = 1
configure: failed program was:
| /* confdefs.h */
| #define PACKAGE_NAME "xerawdp"
| #define PACKAGE_TARNAME "xerawdp"
| #define PACKAGE_VERSION "0.3.3_alpha04"
| #define PACKAGE_STRING "xerawdp 0.3.3_alpha04"
| #define PACKAGE_BUGREPORT "guillaume.plante@astro.columbia.edu"
| #define PACKAGE_URL ""
| #define PACKAGE "xerawdp"
| #define VERSION "0.3.3_alpha04"
| #define HAVE_LIBFFTW3 1
| #define HAVE_LIBXDIO 1
| #define HAVE_LIBNN 1
| /* end confdefs.h.  */
| #include <ac_nonexistent.h>
configure:4785: result: gcc -E
configure:4805: gcc -E  conftest.c
configure:4805: $? = 0
configure:4819: gcc -E  conftest.c
conftest.c:14:28: fatal error: ac_nonexistent.h: No such file or directory
 #include <ac_nonexistent.h>
                            ^
compilation terminated.
configure:4819: $? = 1
configure: failed program was:
| /* confdefs.h */
| #define PACKAGE_NAME "xerawdp"
| #define PACKAGE_TARNAME "xerawdp"
| #define PACKAGE_VERSION "0.3.3_alpha04"
| #define PACKAGE_STRING "xerawdp 0.3.3_alpha04"
| #define PACKAGE_BUGREPORT "guillaume.plante@astro.columbia.edu"
| #define PACKAGE_URL ""
| #define PACKAGE "xerawdp"
| #define VERSION "0.3.3_alpha04"
| #define HAVE_LIBFFTW3 1
| #define HAVE_LIBXDIO 1
| #define HAVE_LIBNN 1
| /* end confdefs.h.  */
| #include <ac_nonexistent.h>
configure:4848: checking for grep that handles long lines and -e
configure:4906: result: /bin/grep
configure:4911: checking for egrep
configure:4973: result: /bin/grep -E
configure:4978: checking for ANSI C header files
configure:4998: gcc -c -g -O2  conftest.c >&5
configure:4998: $? = 0
configure:5071: gcc -o conftest -g -O2   conftest.c -lnn -lxdio -lfftw3  >&5
configure:5071: $? = 0
configure:5071: ./conftest
configure:5071: $? = 0
configure:5082: result: yes
configure:5095: checking for sys/types.h
configure:5095: gcc -c -g -O2  conftest.c >&5
configure:5095: $? = 0
configure:5095: result: yes
configure:5095: checking for sys/stat.h
configure:5095: gcc -c -g -O2  conftest.c >&5
configure:5095: $? = 0
configure:5095: result: yes
configure:5095: checking for stdlib.h
configure:5095: gcc -c -g -O2  conftest.c >&5
configure:5095: $? = 0
configure:5095: result: yes
configure:5095: checking for string.h
configure:5095: gcc -c -g -O2  conftest.c >&5
configure:5095: $? = 0
configure:5095: result: yes
configure:5095: checking for memory.h
configure:5095: gcc -c -g -O2  conftest.c >&5
configure:5095: $? = 0
configure:5095: result: yes
configure:5095: checking for strings.h
configure:5095: gcc -c -g -O2  conftest.c >&5
configure:5095: $? = 0
configure:5095: result: yes
configure:5095: checking for inttypes.h
configure:5095: gcc -c -g -O2  conftest.c >&5
configure:5095: $? = 0
configure:5095: result: yes
configure:5095: checking for stdint.h
configure:5095: gcc -c -g -O2  conftest.c >&5
configure:5095: $? = 0
configure:5095: result: yes
configure:5095: checking for unistd.h
configure:5095: gcc -c -g -O2  conftest.c >&5
configure:5095: $? = 0
configure:5095: result: yes
configure:5109: checking sys/time.h usability
configure:5109: gcc -c -g -O2  conftest.c >&5
configure:5109: $? = 0
configure:5109: result: yes
configure:5109: checking sys/time.h presence
configure:5109: gcc -E  conftest.c
configure:5109: $? = 0
configure:5109: result: yes
configure:5109: checking for sys/time.h
configure:5109: result: yes
configure:5121: checking getopt.h usability
configure:5121: gcc -c -g -O2  conftest.c >&5
configure:5121: $? = 0
configure:5121: result: yes
configure:5121: checking getopt.h presence
configure:5121: gcc -E  conftest.c
configure:5121: $? = 0
configure:5121: result: yes
configure:5121: checking for getopt.h
configure:5121: result: yes
configure:5151: checking for root-config
configure:5169: found /usr/local/bin/root-config
configure:5182: result: /usr/local/bin/root-config
configure:5192: checking for root
configure:5210: found /usr/local/bin/root
configure:5223: result: /usr/local/bin/root
configure:5233: checking for rootcint
configure:5251: found /usr/local/bin/rootcint
configure:5264: result: /usr/local/bin/rootcint
configure:5290: checking wether ROOT version >= 5.16/00
configure:5299: result: yes
configure:5332: checking for LIBXMLPP
configure:5339: $PKG_CONFIG --exists --print-errors "libxml++-2.6"
configure:5342: $? = 0
configure:5356: $PKG_CONFIG --exists --print-errors "libxml++-2.6"
configure:5359: $? = 0
configure:5417: result: yes
configure:5423: checking for LIBCHI2
configure:5430: $PKG_CONFIG --exists --print-errors "libchi2-1"
configure:5433: $? = 0
configure:5447: $PKG_CONFIG --exists --print-errors "libchi2-1"
configure:5450: $? = 0
configure:5508: result: yes
configure:5517: checking for LAPACK
configure:5524: $PKG_CONFIG --exists --print-errors "lapack"
configure:5527: $? = 0
configure:5541: $PKG_CONFIG --exists --print-errors "lapack"
configure:5544: $? = 0
configure:5602: result: yes
configure:5609: checking for LIBFANN
configure:5616: $PKG_CONFIG --exists --print-errors "fann"
configure:5619: $? = 0
configure:5633: $PKG_CONFIG --exists --print-errors "fann"
configure:5636: $? = 0
configure:5694: result: yes
configure:5702: checking for int8_t
configure:5702: gcc -c -g -O2  conftest.c >&5
configure:5702: $? = 0
configure:5702: gcc -c -g -O2  conftest.c >&5
conftest.c: In function 'main':
conftest.c:66:12: error: size of array 'test_array' is negative
 static int test_array [1 - 2 * !((int8_t) (((((int8_t) 1 << N) << N) - 1) * 2 + 1)
            ^
configure:5702: $? = 1
configure: failed program was:
| /* confdefs.h */
| #define PACKAGE_NAME "xerawdp"
| #define PACKAGE_TARNAME "xerawdp"
| #define PACKAGE_VERSION "0.3.3_alpha04"
| #define PACKAGE_STRING "xerawdp 0.3.3_alpha04"
| #define PACKAGE_BUGREPORT "guillaume.plante@astro.columbia.edu"
| #define PACKAGE_URL ""
| #define PACKAGE "xerawdp"
| #define VERSION "0.3.3_alpha04"
| #define HAVE_LIBFFTW3 1
| #define HAVE_LIBXDIO 1
| #define HAVE_LIBNN 1
| #define STDC_HEADERS 1
| #define HAVE_SYS_TYPES_H 1
| #define HAVE_SYS_STAT_H 1
| #define HAVE_STDLIB_H 1
| #define HAVE_STRING_H 1
| #define HAVE_MEMORY_H 1
| #define HAVE_STRINGS_H 1
| #define HAVE_INTTYPES_H 1
| #define HAVE_STDINT_H 1
| #define HAVE_UNISTD_H 1
| #define HAVE_SYS_TIME_H 1
| #define HAVE_GETOPT_H 1
| #define HAVE_ROOT 1
| #define HAVE_LIBCHI2 1
| #define HAVE_LIBFANN 1
| /* end confdefs.h.  */
| #include <stdio.h>
| #ifdef HAVE_SYS_TYPES_H
| # include <sys/types.h>
| #endif
| #ifdef HAVE_SYS_STAT_H
| # include <sys/stat.h>
| #endif
| #ifdef STDC_HEADERS
| # include <stdlib.h>
| # include <stddef.h>
| #else
| # ifdef HAVE_STDLIB_H
| #  include <stdlib.h>
| # endif
| #endif
| #ifdef HAVE_STRING_H
| # if !defined STDC_HEADERS && defined HAVE_MEMORY_H
| #  include <memory.h>
| # endif
| # include <string.h>
| #endif
| #ifdef HAVE_STRINGS_H
| # include <strings.h>
| #endif
| #ifdef HAVE_INTTYPES_H
| # include <inttypes.h>
| #endif
| #ifdef HAVE_STDINT_H
| # include <stdint.h>
| #endif
| #ifdef HAVE_UNISTD_H
| # include <unistd.h>
| #endif
| 	        enum { N = 8 / 2 - 1 };
| int
| main ()
| {
| static int test_array [1 - 2 * !((int8_t) (((((int8_t) 1 << N) << N) - 1) * 2 + 1)
| 		 < (int8_t) (((((int8_t) 1 << N) << N) - 1) * 2 + 2))];
| test_array [0] = 0;
| return test_array [0];
| 
|   ;
|   return 0;
| }
configure:5702: result: yes
configure:5713: checking for int16_t
configure:5713: gcc -c -g -O2  conftest.c >&5
configure:5713: $? = 0
configure:5713: gcc -c -g -O2  conftest.c >&5
conftest.c: In function 'main':
conftest.c:66:12: error: size of array 'test_array' is negative
 static int test_array [1 - 2 * !((int16_t) (((((int16_t) 1 << N) << N) - 1) * 2 + 1)
            ^
configure:5713: $? = 1
configure: failed program was:
| /* confdefs.h */
| #define PACKAGE_NAME "xerawdp"
| #define PACKAGE_TARNAME "xerawdp"
| #define PACKAGE_VERSION "0.3.3_alpha04"
| #define PACKAGE_STRING "xerawdp 0.3.3_alpha04"
| #define PACKAGE_BUGREPORT "guillaume.plante@astro.columbia.edu"
| #define PACKAGE_URL ""
| #define PACKAGE "xerawdp"
| #define VERSION "0.3.3_alpha04"
| #define HAVE_LIBFFTW3 1
| #define HAVE_LIBXDIO 1
| #define HAVE_LIBNN 1
| #define STDC_HEADERS 1
| #define HAVE_SYS_TYPES_H 1
| #define HAVE_SYS_STAT_H 1
| #define HAVE_STDLIB_H 1
| #define HAVE_STRING_H 1
| #define HAVE_MEMORY_H 1
| #define HAVE_STRINGS_H 1
| #define HAVE_INTTYPES_H 1
| #define HAVE_STDINT_H 1
| #define HAVE_UNISTD_H 1
| #define HAVE_SYS_TIME_H 1
| #define HAVE_GETOPT_H 1
| #define HAVE_ROOT 1
| #define HAVE_LIBCHI2 1
| #define HAVE_LIBFANN 1
| /* end confdefs.h.  */
| #include <stdio.h>
| #ifdef HAVE_SYS_TYPES_H
| # include <sys/types.h>
| #endif
| #ifdef HAVE_SYS_STAT_H
| # include <sys/stat.h>
| #endif
| #ifdef STDC_HEADERS
| # include <stdlib.h>
| # include <stddef.h>
| #else
| # ifdef HAVE_STDLIB_H
| #  include <stdlib.h>
| # endif
| #endif
| #ifdef HAVE_STRING_H
| # if !defined STDC_HEADERS && defined HAVE_MEMORY_H
| #  include <memory.h>
| # endif
| # include <string.h>
| #endif
| #ifdef HAVE_STRINGS_H
| # include <strings.h>
| #endif
| #ifdef HAVE_INTTYPES_H
| # include <inttypes.h>
| #endif
| #ifdef HAVE_STDINT_H
| # include <stdint.h>
| #endif
| #ifdef HAVE_UNISTD_H
| # include <unistd.h>
| #endif
| 	        enum { N = 16 / 2 - 1 };
| int
| main ()
| {
| static int test_array [1 - 2 * !((int16_t) (((((int16_t) 1 << N) << N) - 1) * 2 + 1)
| 		 < (int16_t) (((((int16_t) 1 << N) << N) - 1) * 2 + 2))];
| test_array [0] = 0;
| return test_array [0];
| 
|   ;
|   return 0;
| }
configure:5713: result: yes
configure:5724: checking for int32_t
configure:5724: gcc -c -g -O2  conftest.c >&5
configure:5724: $? = 0
configure:5724: gcc -c -g -O2  conftest.c >&5
conftest.c: In function 'main':
conftest.c:67:53: warning: integer overflow in expression [-Woverflow]
    < (int32_t) (((((int32_t) 1 << N) << N) - 1) * 2 + 2))];
                                                     ^
conftest.c:66:12: error: storage size of 'test_array' isn't constant
 static int test_array [1 - 2 * !((int32_t) (((((int32_t) 1 << N) << N) - 1) * 2 + 1)
            ^
configure:5724: $? = 1
configure: failed program was:
| /* confdefs.h */
| #define PACKAGE_NAME "xerawdp"
| #define PACKAGE_TARNAME "xerawdp"
| #define PACKAGE_VERSION "0.3.3_alpha04"
| #define PACKAGE_STRING "xerawdp 0.3.3_alpha04"
| #define PACKAGE_BUGREPORT "guillaume.plante@astro.columbia.edu"
| #define PACKAGE_URL ""
| #define PACKAGE "xerawdp"
| #define VERSION "0.3.3_alpha04"
| #define HAVE_LIBFFTW3 1
| #define HAVE_LIBXDIO 1
| #define HAVE_LIBNN 1
| #define STDC_HEADERS 1
| #define HAVE_SYS_TYPES_H 1
| #define HAVE_SYS_STAT_H 1
| #define HAVE_STDLIB_H 1
| #define HAVE_STRING_H 1
| #define HAVE_MEMORY_H 1
| #define HAVE_STRINGS_H 1
| #define HAVE_INTTYPES_H 1
| #define HAVE_STDINT_H 1
| #define HAVE_UNISTD_H 1
| #define HAVE_SYS_TIME_H 1
| #define HAVE_GETOPT_H 1
| #define HAVE_ROOT 1
| #define HAVE_LIBCHI2 1
| #define HAVE_LIBFANN 1
| /* end confdefs.h.  */
| #include <stdio.h>
| #ifdef HAVE_SYS_TYPES_H
| # include <sys/types.h>
| #endif
| #ifdef HAVE_SYS_STAT_H
| # include <sys/stat.h>
| #endif
| #ifdef STDC_HEADERS
| # include <stdlib.h>
| # include <stddef.h>
| #else
| # ifdef HAVE_STDLIB_H
| #  include <stdlib.h>
| # endif
| #endif
| #ifdef HAVE_STRING_H
| # if !defined STDC_HEADERS && defined HAVE_MEMORY_H
| #  include <memory.h>
| # endif
| # include <string.h>
| #endif
| #ifdef HAVE_STRINGS_H
| # include <strings.h>
| #endif
| #ifdef HAVE_INTTYPES_H
| # include <inttypes.h>
| #endif
| #ifdef HAVE_STDINT_H
| # include <stdint.h>
| #endif
| #ifdef HAVE_UNISTD_H
| # include <unistd.h>
| #endif
| 	        enum { N = 32 / 2 - 1 };
| int
| main ()
| {
| static int test_array [1 - 2 * !((int32_t) (((((int32_t) 1 << N) << N) - 1) * 2 + 1)
| 		 < (int32_t) (((((int32_t) 1 << N) << N) - 1) * 2 + 2))];
| test_array [0] = 0;
| return test_array [0];
| 
|   ;
|   return 0;
| }
configure:5724: result: yes
configure:5735: checking for uint8_t
configure:5735: gcc -c -g -O2  conftest.c >&5
configure:5735: $? = 0
configure:5735: result: yes
configure:5749: checking for uint16_t
configure:5749: gcc -c -g -O2  conftest.c >&5
configure:5749: $? = 0
configure:5749: result: yes
configure:5761: checking for uint32_t
configure:5761: gcc -c -g -O2  conftest.c >&5
configure:5761: $? = 0
configure:5761: result: yes
configure:5777: checking whether byte ordering is bigendian
configure:5792: gcc -c -g -O2  conftest.c >&5
conftest.c:30:9: error: unknown type name 'not'
         not a universal capable compiler
         ^
conftest.c:30:15: error: expected '=', ',', ';', 'asm' or '__attribute__' before 'universal'
         not a universal capable compiler
               ^
conftest.c:30:15: error: unknown type name 'universal'
configure:5792: $? = 1
configure: failed program was:
| /* confdefs.h */
| #define PACKAGE_NAME "xerawdp"
| #define PACKAGE_TARNAME "xerawdp"
| #define PACKAGE_VERSION "0.3.3_alpha04"
| #define PACKAGE_STRING "xerawdp 0.3.3_alpha04"
| #define PACKAGE_BUGREPORT "guillaume.plante@astro.columbia.edu"
| #define PACKAGE_URL ""
| #define PACKAGE "xerawdp"
| #define VERSION "0.3.3_alpha04"
| #define HAVE_LIBFFTW3 1
| #define HAVE_LIBXDIO 1
| #define HAVE_LIBNN 1
| #define STDC_HEADERS 1
| #define HAVE_SYS_TYPES_H 1
| #define HAVE_SYS_STAT_H 1
| #define HAVE_STDLIB_H 1
| #define HAVE_STRING_H 1
| #define HAVE_MEMORY_H 1
| #define HAVE_STRINGS_H 1
| #define HAVE_INTTYPES_H 1
| #define HAVE_STDINT_H 1
| #define HAVE_UNISTD_H 1
| #define HAVE_SYS_TIME_H 1
| #define HAVE_GETOPT_H 1
| #define HAVE_ROOT 1
| #define HAVE_LIBCHI2 1
| #define HAVE_LIBFANN 1
| /* end confdefs.h.  */
| #ifndef __APPLE_CC__
| 	       not a universal capable compiler
| 	     #endif
| 	     typedef int dummy;
| 
configure:5837: gcc -c -g -O2  conftest.c >&5
configure:5837: $? = 0
configure:5855: gcc -c -g -O2  conftest.c >&5
conftest.c: In function 'main':
conftest.c:36:4: error: unknown type name 'not'
    not big endian
    ^
conftest.c:36:12: error: expected '=', ',', ';', 'asm' or '__attribute__' before 'endian'
    not big endian
            ^
configure:5855: $? = 1
configure: failed program was:
| /* confdefs.h */
| #define PACKAGE_NAME "xerawdp"
| #define PACKAGE_TARNAME "xerawdp"
| #define PACKAGE_VERSION "0.3.3_alpha04"
| #define PACKAGE_STRING "xerawdp 0.3.3_alpha04"
| #define PACKAGE_BUGREPORT "guillaume.plante@astro.columbia.edu"
| #define PACKAGE_URL ""
| #define PACKAGE "xerawdp"
| #define VERSION "0.3.3_alpha04"
| #define HAVE_LIBFFTW3 1
| #define HAVE_LIBXDIO 1
| #define HAVE_LIBNN 1
| #define STDC_HEADERS 1
| #define HAVE_SYS_TYPES_H 1
| #define HAVE_SYS_STAT_H 1
| #define HAVE_STDLIB_H 1
| #define HAVE_STRING_H 1
| #define HAVE_MEMORY_H 1
| #define HAVE_STRINGS_H 1
| #define HAVE_INTTYPES_H 1
| #define HAVE_STDINT_H 1
| #define HAVE_UNISTD_H 1
| #define HAVE_SYS_TIME_H 1
| #define HAVE_GETOPT_H 1
| #define HAVE_ROOT 1
| #define HAVE_LIBCHI2 1
| #define HAVE_LIBFANN 1
| /* end confdefs.h.  */
| #include <sys/types.h>
| 		#include <sys/param.h>
| 
| int
| main ()
| {
| #if BYTE_ORDER != BIG_ENDIAN
| 		 not big endian
| 		#endif
| 
|   ;
|   return 0;
| }
configure:5983: result: no
configure:6195: creating ./config.status

## ---------------- ##
## Cache variables. ##
## ---------------- ##

ac_cv_c_bigendian='no'
ac_cv_c_compiler_gnu='yes'
ac_cv_c_int16_t='yes'
ac_cv_c_int32_t='yes'
ac_cv_c_int8_t='yes'
ac_cv_c_uint16_t='yes'
ac_cv_c_uint32_t='yes'
ac_cv_c_uint8_t='yes'
ac_cv_cxx_compiler_gnu='yes'
ac_cv_env_CCC_set=''
ac_cv_env_CCC_value=''
ac_cv_env_CC_set=''
ac_cv_env_CC_value=''
ac_cv_env_CFLAGS_set=''
ac_cv_env_CFLAGS_value=''
ac_cv_env_CPPFLAGS_set=''
ac_cv_env_CPPFLAGS_value=''
ac_cv_env_CPP_set=''
ac_cv_env_CPP_value=''
ac_cv_env_CXXFLAGS_set=''
ac_cv_env_CXXFLAGS_value=''
ac_cv_env_CXX_set=''
ac_cv_env_CXX_value=''
ac_cv_env_LAPACK_CFLAGS_set=''
ac_cv_env_LAPACK_CFLAGS_value=''
ac_cv_env_LAPACK_LIBS_set=''
ac_cv_env_LAPACK_LIBS_value=''
ac_cv_env_LDFLAGS_set=''
ac_cv_env_LDFLAGS_value=''
ac_cv_env_LIBCHI2_CFLAGS_set=''
ac_cv_env_LIBCHI2_CFLAGS_value=''
ac_cv_env_LIBCHI2_LIBS_set=''
ac_cv_env_LIBCHI2_LIBS_value=''
ac_cv_env_LIBFANN_CFLAGS_set=''
ac_cv_env_LIBFANN_CFLAGS_value=''
ac_cv_env_LIBFANN_LIBS_set=''
ac_cv_env_LIBFANN_LIBS_value=''
ac_cv_env_LIBS_set=''
ac_cv_env_LIBS_value=''
ac_cv_env_LIBXMLPP_CFLAGS_set=''
ac_cv_env_LIBXMLPP_CFLAGS_value=''
ac_cv_env_LIBXMLPP_LIBS_set=''
ac_cv_env_LIBXMLPP_LIBS_value=''
ac_cv_env_PKG_CONFIG_LIBDIR_set=''
ac_cv_env_PKG_CONFIG_LIBDIR_value=''
ac_cv_env_PKG_CONFIG_PATH_set='set'
ac_cv_env_PKG_CONFIG_PATH_value='/usr/local/lib/pkgconfig'
ac_cv_env_PKG_CONFIG_set=''
ac_cv_env_PKG_CONFIG_value=''
ac_cv_env_build_alias_set=''
ac_cv_env_build_alias_value=''
ac_cv_env_host_alias_set=''
ac_cv_env_host_alias_value=''
ac_cv_env_target_alias_set=''
ac_cv_env_target_alias_value=''
ac_cv_header_getopt_h='yes'
ac_cv_header_inttypes_h='yes'
ac_cv_header_memory_h='yes'
ac_cv_header_stdc='yes'
ac_cv_header_stdint_h='yes'
ac_cv_header_stdlib_h='yes'
ac_cv_header_string_h='yes'
ac_cv_header_strings_h='yes'
ac_cv_header_sys_stat_h='yes'
ac_cv_header_sys_time_h='yes'
ac_cv_header_sys_types_h='yes'
ac_cv_header_unistd_h='yes'
ac_cv_lib_fftw3_fftw_execute='yes'
ac_cv_lib_nn_nn_missing_9_12_39_58='yes'
ac_cv_lib_pmtpattern_main='no'
ac_cv_lib_svm_svm_load_model='no'
ac_cv_lib_xdio_xdio_open_read='yes'
ac_cv_objext='o'
ac_cv_path_EGREP='/bin/grep -E'
ac_cv_path_GREP='/bin/grep'
ac_cv_path_PYTHON='/usr/bin/python'
ac_cv_path_ROOTCINT='/usr/local/bin/rootcint'
ac_cv_path_ROOTCONF='/usr/local/bin/root-config'
ac_cv_path_ROOTEXEC='/usr/local/bin/root'
ac_cv_path_ac_pt_PKG_CONFIG='/usr/bin/pkg-config'
ac_cv_path_install='/usr/bin/install -c'
ac_cv_path_mkdir='/bin/mkdir'
ac_cv_prog_AWK='mawk'
ac_cv_prog_CPP='gcc -E'
ac_cv_prog_ac_ct_CC='gcc'
ac_cv_prog_ac_ct_CXX='g++'
ac_cv_prog_cc_c89=''
ac_cv_prog_cc_g='yes'
ac_cv_prog_cxx_g='yes'
ac_cv_prog_make_make_set='yes'
am_cv_CC_dependencies_compiler_type='gcc3'
am_cv_CXX_dependencies_compiler_type='gcc3'
am_cv_pathless_PYTHON='python'
am_cv_python_platform='linux2'
am_cv_python_pyexecdir='${exec_prefix}/lib/python2.7/site-packages'
am_cv_python_pythondir='${prefix}/lib/python2.7/site-packages'
am_cv_python_version='2.7'
pkg_cv_LAPACK_CFLAGS=' '
pkg_cv_LAPACK_LIBS='-llapack -lblas  '
pkg_cv_LIBCHI2_CFLAGS='-I/usr/local/include/libchi2-1  '
pkg_cv_LIBCHI2_LIBS='-L/usr/local/lib -lchi2-1  '
pkg_cv_LIBFANN_CFLAGS='-I/usr/local/include  '
pkg_cv_LIBFANN_LIBS='-L/usr/local/lib -lm -lfann  '
pkg_cv_LIBXMLPP_CFLAGS='-I/usr/include/libxml2 -I/usr/include/glibmm-2.4 -I/usr/lib/x86_64-linux-gnu/glibmm-2.4/include -I/usr/include/sigc++-2.0 -I/usr/lib/x86_64-linux-gnu/sigc++-2.0/include -I/usr/include/glib-2.0 -I/usr/lib/x86_64-linux-gnu/glib-2.0/include -I/usr/include/libxml++-2.6 -I/usr/lib/libxml++-2.6/include  '
pkg_cv_LIBXMLPP_LIBS='-lxml++-2.6 -lxml2 -lglibmm-2.4 -lgobject-2.0 -lsigc-2.0 -lglib-2.0  '

## ----------------- ##
## Output variables. ##
## ----------------- ##

ACLOCAL='${SHELL} /home/nerix/xerawdp-0.3.4/missing --run aclocal-1.10'
AMDEPBACKSLASH='\'
AMDEP_FALSE='#'
AMDEP_TRUE=''
AMTAR='${SHELL} /home/nerix/xerawdp-0.3.4/missing --run tar'
AUTOCONF='${SHELL} /home/nerix/xerawdp-0.3.4/missing --run autoconf'
AUTOHEADER='${SHELL} /home/nerix/xerawdp-0.3.4/missing --run autoheader'
AUTOMAKE='${SHELL} /home/nerix/xerawdp-0.3.4/missing --run automake-1.10'
AWK='mawk'
CC='gcc'
CCDEPMODE='depmode=gcc3'
CFLAGS='-g -O2'
CPP='gcc -E'
CPPFLAGS=''
CXX='g++'
CXXDEPMODE='depmode=gcc3'
CXXFLAGS='-g -O2'
CYGPATH_W='echo'
DEFS='-DHAVE_CONFIG_H'
DEPDIR='.deps'
ECHO_C=''
ECHO_N='-n'
ECHO_T=''
EGREP='/bin/grep -E'
EXEEXT=''
GREP='/bin/grep'
INSTALL_DATA='${INSTALL} -m 644'
INSTALL_PROGRAM='${INSTALL}'
INSTALL_SCRIPT='${INSTALL}'
INSTALL_STRIP_PROGRAM='$(install_sh) -c -s'
LAPACK_CFLAGS=' '
LAPACK_LIBS='-llapack -lblas  '
LDFLAGS=''
LIBCHI2_CFLAGS='-I/usr/local/include/libchi2-1  '
LIBCHI2_LIBS='-L/usr/local/lib -lchi2-1  '
LIBFANN_CFLAGS='-I/usr/local/include  '
LIBFANN_LIBS='-L/usr/local/lib -lm -lfann  '
LIBOBJS=''
LIBS='-lnn -lxdio -lfftw3 '
LIBXMLPP_CFLAGS='-I/usr/include/libxml2 -I/usr/include/glibmm-2.4 -I/usr/lib/x86_64-linux-gnu/glibmm-2.4/include -I/usr/include/sigc++-2.0 -I/usr/lib/x86_64-linux-gnu/sigc++-2.0/include -I/usr/include/glib-2.0 -I/usr/lib/x86_64-linux-gnu/glib-2.0/include -I/usr/include/libxml++-2.6 -I/usr/lib/libxml++-2.6/include  '
LIBXMLPP_LIBS='-lxml++-2.6 -lxml2 -lglibmm-2.4 -lgobject-2.0 -lsigc-2.0 -lglib-2.0  '
LN_S='ln -s'
LTLIBOBJS=''
MAKEINFO='${SHELL} /home/nerix/xerawdp-0.3.4/missing --run makeinfo'
MKDIR_P='/bin/mkdir -p'
OBJEXT='o'
PACKAGE='xerawdp'
PACKAGE_BUGREPORT='guillaume.plante@astro.columbia.edu'
PACKAGE_NAME='xerawdp'
PACKAGE_STRING='xerawdp 0.3.3_alpha04'
PACKAGE_TARNAME='xerawdp'
PACKAGE_URL=''
PACKAGE_VERSION='0.3.3_alpha04'
PATH_SEPARATOR=':'
PKG_CONFIG='/usr/bin/pkg-config'
PKG_CONFIG_LIBDIR=''
PKG_CONFIG_PATH='/usr/local/lib/pkgconfig'
PYTHON='/usr/bin/python'
PYTHON_EXEC_PREFIX='${exec_prefix}'
PYTHON_PLATFORM='linux2'
PYTHON_PREFIX='${prefix}'
PYTHON_VERSION='2.7'
ROOTAUXCFLAGS='-pthread -m64'
ROOTAUXLIBS='-pthread -lm -ldl -rdynamic'
ROOTCFLAGS='-I/usr/local/include/root'
ROOTCINT='/usr/local/bin/rootcint'
ROOTCONF='/usr/local/bin/root-config'
ROOTETCDIR='/etc/root'
ROOTEXEC='/usr/local/bin/root'
ROOTGLIBS='-lGui -lCore -lCint -lRIO -lNet -lHist -lGraf -lGraf3d -lGpad -lTree -lRint -lPostscript -lMatrix -lPhysics -lMathCore -lThread'
ROOTINCDIR='/usr/local/include/root'
ROOTLIBDIR='/usr/local/lib/root'
ROOTLIBS='-lCore -lCint -lRIO -lNet -lHist -lGraf -lGraf3d -lGpad -lTree -lRint -lPostscript -lMatrix -lPhysics -lMathCore -lThread'
ROOTRPATH='/usr/local/lib/root'
ROOTSOVERSION='5.34'
ROOTVERSION='5.34/32'
SET_MAKE=''
SHELL='/bin/sh'
STRIP=''
VERSION='0.3.3_alpha04'
ac_ct_CC='gcc'
ac_ct_CXX='g++'
am__fastdepCC_FALSE='#'
am__fastdepCC_TRUE=''
am__fastdepCXX_FALSE='#'
am__fastdepCXX_TRUE=''
am__include='include'
am__isrc=''
am__leading_dot='.'
am__quote=''
am__tar='${AMTAR} chof - "$$tardir"'
am__untar='${AMTAR} xf -'
bindir='${exec_prefix}/bin'
build_alias=''
datadir='${datarootdir}'
datarootdir='${prefix}/share'
docdir='${datarootdir}/doc/${PACKAGE_TARNAME}'
dvidir='${docdir}'
exec_prefix='${prefix}'
host_alias=''
htmldir='${docdir}'
includedir='${prefix}/include'
infodir='${datarootdir}/info'
install_sh='$(SHELL) /home/nerix/xerawdp-0.3.4/install-sh'
libdir='${exec_prefix}/lib'
libexecdir='${exec_prefix}/libexec'
localedir='${datarootdir}/locale'
localstatedir='${prefix}/var'
mandir='${datarootdir}/man'
mkdir_p='/bin/mkdir -p'
oldincludedir='/usr/include'
pdfdir='${docdir}'
pkgpyexecdir='${pyexecdir}/xerawdp'
pkgpythondir='${pythondir}/xerawdp'
prefix='/usr/local'
program_transform_name='s,x,x,'
psdir='${docdir}'
pyexecdir='${exec_prefix}/lib/python2.7/site-packages'
pythondir='${prefix}/lib/python2.7/site-packages'
sbindir='${exec_prefix}/sbin'
sharedstatedir='${prefix}/com'
sysconfdir='${prefix}/etc'
target_alias=''

## ----------- ##
## confdefs.h. ##
## ----------- ##

/* confdefs.h */
#define PACKAGE_NAME "xerawdp"
#define PACKAGE_TARNAME "xerawdp"
#define PACKAGE_VERSION "0.3.3_alpha04"
#define PACKAGE_STRING "xerawdp 0.3.3_alpha04"
#define PACKAGE_BUGREPORT "guillaume.plante@astro.columbia.edu"
#define PACKAGE_URL ""
#define PACKAGE "xerawdp"
#define VERSION "0.3.3_alpha04"
#define HAVE_LIBFFTW3 1
#define HAVE_LIBXDIO 1
#define HAVE_LIBNN 1
#define STDC_HEADERS 1
#define HAVE_SYS_TYPES_H 1
#define HAVE_SYS_STAT_H 1
#define HAVE_STDLIB_H 1
#define HAVE_STRING_H 1
#define HAVE_MEMORY_H 1
#define HAVE_STRINGS_H 1
#define HAVE_INTTYPES_H 1
#define HAVE_STDINT_H 1
#define HAVE_UNISTD_H 1
#define HAVE_SYS_TIME_H 1
#define HAVE_GETOPT_H 1
#define HAVE_ROOT 1
#define HAVE_LIBCHI2 1
#define HAVE_LIBFANN 1
#define ENABLE_HPGE /**/

configure: exit 0

## ---------------------- ##
## Running config.status. ##
## ---------------------- ##

This file was extended by xerawdp config.status 0.3.3_alpha04, which was
generated by GNU Autoconf 2.69.  Invocation command line was

  CONFIG_FILES    = 
  CONFIG_HEADERS  = 
  CONFIG_LINKS    = 
  CONFIG_COMMANDS = 
  $ ./config.status 

on archive

config.status:7150: creating Makefile
config.status:7150: creating src/Makefile
config.status:7150: creating scripts/Makefile
config.status:7150: creating scripts/config.py
config.status:7150: creating models/Makefile
config.status:7150: creating config.h
config.status:7377: executing depfiles commands

## ---------------------- ##
## Running config.status. ##
## ---------------------- ##

This file was extended by xerawdp config.status 0.3.3_alpha04, which was
generated by GNU Autoconf 2.69.  Invocation command line was

  CONFIG_FILES    = 
  CONFIG_HEADERS  = 
  CONFIG_LINKS    = 
  CONFIG_COMMANDS = 
  $ ./config.status config.h

on archive

config.status:7150: creating config.h
config.status:7329: config.h is unchanged
